This is pdfTeX, Version 3.1415926-1.40.9 (MiKTeX 2.7) (preloaded format=latex 2009.4.28)  28 APR 2009 13:09
entering extended mode
**COMMANDES.TEX
(COMMANDES.TEX
LaTeX2e <2005/12/01>
Babel <v3.8l> and hyphenation patterns for english, dumylang, nohyphenation, ge
rman, ngerman, german-x-2008-06-18, ngerman-x-2008-06-18, french, loaded.
! Undefined control sequence.
<argument> \undefinedpagestyle 
                               
l.24 \pagestyle{myheadings}
                           
The control sequence at the end of the top line
of your error message was never \def'ed. If you have
misspelled it (e.g., `\hobx'), type `I' and the correct
spelling (e.g., `I\hbox'). Otherwise just continue,
and I'll forget about whatever was undefined.

)
! Emergency stop.
<*> COMMANDES.TEX
                 
*** (job aborted, no legal \end found)

 
Here is how much of TeX's memory you used:
 13 strings out of 95305
 136 string characters out of 1183059
 45021 words of memory out of 1500000
 3311 multiletter control sequences out of 110000
 4399 words of font info for 15 fonts, out of 3000000 for 5000
 14 hyphenation exceptions out of 8191
 6i,0n,3p,107b,16s stack positions out of 5000i,500n,10000p,200000b,50000s
No pages of output.
