This is pdfTeX, Version 3.1415926-1.40.9 (MiKTeX 2.7) (preloaded format=pdflatex 2009.5.16)  16 MAY 2009 01:50
entering extended mode
**C:/Documents*and*Settings/kenfack*donald/tp*essec/RAPPORTECONOMETRIE/RAPPORTE
CONOMETRIE/MACRO.TEX

("C:/Documents and Settings/kenfack donald/tp essec/RAPPORTECONOMETRIE/RAPPORTE
CONOMETRIE/MACRO.TEX"
LaTeX2e <2005/12/01>
Babel <v3.8l> and hyphenation patterns for english, dumylang, nohyphenation, ge
rman, ngerman, german-x-2008-06-18, ngerman-x-2008-06-18, french, loaded.
\c@definition=\count79
\c@theoreme=\count80
\c@proposition=\count81
\c@corollaire=\count82
\c@lemme=\count83
\c@notation=\count84
\c@rappel=\count85
\c@remarque=\count86
\c@corollary=\count87

! LaTeX Error: No counter 'section' defined.

See the LaTeX manual or LaTeX Companion for explanation.
Type  H <return>  for immediate help.
 ...                                              
                                                  
l.135 \newtheorem{corollary}{Corollaire}[section]
                                                 
Your command was ignored.
Type  I <command> <return>  to replace it with another command,
or  <return>  to continue without it.

)
! Emergency stop.
<*> ...ORTECONOMETRIE/RAPPORTECONOMETRIE/MACRO.TEX
                                                  
*** (job aborted, no legal \end found)

 
Here is how much of TeX's memory you used:
 188 strings out of 95304
 1545 string characters out of 1183032
 45021 words of memory out of 1500000
 3486 multiletter control sequences out of 110000
 3640 words of font info for 14 fonts, out of 3000000 for 5000
 14 hyphenation exceptions out of 8191
 9i,0n,11p,190b,14s stack positions out of 5000i,500n,10000p,200000b,50000s
!  ==> Fatal error occurred, no output PDF file produced!
