This is pdfTeX, Version 3.1415926-2.5-1.40.14 (TeX Live 2013/Debian) (format=latex 2015.2.24)  24 FEB 2015 09:25
entering extended mode
 restricted \write18 enabled.
 %&-line parsing enabled.
**Maineconometry.tex
(./Maineconometry.tex
LaTeX2e <2011/06/27>
Babel <3.9h> and hyphenation patterns for 4 languages loaded.
(/usr/share/texlive/texmf-dist/tex/latex/base/book.cls
Document Class: book 2007/10/19 v1.4h Standard LaTeX document class
(/usr/share/texlive/texmf-dist/tex/latex/base/bk12.clo
File: bk12.clo 2007/10/19 v1.4h Standard LaTeX file (size option)
)
\c@part=\count79
\c@chapter=\count80
\c@section=\count81
\c@subsection=\count82
\c@subsubsection=\count83
\c@paragraph=\count84
\c@subparagraph=\count85
\c@figure=\count86
\c@table=\count87
\abovecaptionskip=\skip41
\belowcaptionskip=\skip42
\bibindent=\dimen102
)
(/usr/share/texlive/texmf-dist/tex/latex/amsmath/amsmath.sty
Package: amsmath 2013/01/14 v2.14 AMS math features
\@mathmargin=\skip43

For additional information on amsmath, use the `?' option.
(/usr/share/texlive/texmf-dist/tex/latex/amsmath/amstext.sty
Package: amstext 2000/06/29 v2.01

(/usr/share/texlive/texmf-dist/tex/latex/amsmath/amsgen.sty
File: amsgen.sty 1999/11/30 v2.0
\@emptytoks=\toks14
\ex@=\dimen103
))
(/usr/share/texlive/texmf-dist/tex/latex/amsmath/amsbsy.sty
Package: amsbsy 1999/11/29 v1.2d
\pmbraise@=\dimen104
)
(/usr/share/texlive/texmf-dist/tex/latex/amsmath/amsopn.sty
Package: amsopn 1999/12/14 v2.01 operator names
)
\inf@bad=\count88
LaTeX Info: Redefining \frac on input line 210.
\uproot@=\count89
\leftroot@=\count90
LaTeX Info: Redefining \overline on input line 306.
\classnum@=\count91
\DOTSCASE@=\count92
LaTeX Info: Redefining \ldots on input line 378.
LaTeX Info: Redefining \dots on input line 381.
LaTeX Info: Redefining \cdots on input line 466.
\Mathstrutbox@=\box26
\strutbox@=\box27
\big@size=\dimen105
LaTeX Font Info:    Redeclaring font encoding OML on input line 566.
LaTeX Font Info:    Redeclaring font encoding OMS on input line 567.
\macc@depth=\count93
\c@MaxMatrixCols=\count94
\dotsspace@=\muskip10
\c@parentequation=\count95
\dspbrk@lvl=\count96
\tag@help=\toks15
\row@=\count97
\column@=\count98
\maxfields@=\count99
\andhelp@=\toks16
\eqnshift@=\dimen106
\alignsep@=\dimen107
\tagshift@=\dimen108
\tagwidth@=\dimen109
\totwidth@=\dimen110
\lineht@=\dimen111
\@envbody=\toks17
\multlinegap=\skip44
\multlinetaggap=\skip45
\mathdisplay@stack=\toks18
LaTeX Info: Redefining \[ on input line 2665.
LaTeX Info: Redefining \] on input line 2666.
)
(/usr/share/texlive/texmf-dist/tex/latex/amsfonts/amssymb.sty
Package: amssymb 2013/01/14 v3.01 AMS font symbols

(/usr/share/texlive/texmf-dist/tex/latex/amsfonts/amsfonts.sty
Package: amsfonts 2013/01/14 v3.01 Basic AMSFonts support
\symAMSa=\mathgroup4
\symAMSb=\mathgroup5
LaTeX Font Info:    Overwriting math alphabet `\mathfrak' in version `bold'
(Font)                  U/euf/m/n --> U/euf/b/n on input line 106.
))
(/usr/share/texlive/texmf-dist/tex/latex/amsfonts/eucal.sty
Package: eucal 2009/06/22 v3.00 Euler Script fonts
LaTeX Font Info:    Overwriting math alphabet `\EuScript' in version `bold'
(Font)                  U/eus/m/n --> U/eus/b/n on input line 33.
)
(/usr/share/texlive/texmf-dist/tex/latex/jknapltx/mathrsfs.sty
Package: mathrsfs 1996/01/01 Math RSFS package v1.0 (jk)
\symrsfs=\mathgroup6
)
(/usr/share/texlive/texmf-dist/tex/latex/amscls/amsthm.sty
Package: amsthm 2004/08/06 v2.20
\thm@style=\toks19
\thm@bodyfont=\toks20
\thm@headfont=\toks21
\thm@notefont=\toks22
\thm@headpunct=\toks23
\thm@preskip=\skip46
\thm@postskip=\skip47
\thm@headsep=\skip48
\dth@everypar=\toks24
)
(/usr/share/texlive/texmf-dist/tex/latex/graphics/graphicx.sty
Package: graphicx 1999/02/16 v1.0f Enhanced LaTeX Graphics (DPC,SPQR)

(/usr/share/texlive/texmf-dist/tex/latex/graphics/keyval.sty
Package: keyval 1999/03/16 v1.13 key=value parser (DPC)
\KV@toks@=\toks25
)
(/usr/share/texlive/texmf-dist/tex/latex/graphics/graphics.sty
Package: graphics 2009/02/05 v1.0o Standard LaTeX Graphics (DPC,SPQR)

(/usr/share/texlive/texmf-dist/tex/latex/graphics/trig.sty
Package: trig 1999/03/16 v1.09 sin cos tan (DPC)
)
(/usr/share/texlive/texmf-dist/tex/latex/latexconfig/graphics.cfg
File: graphics.cfg 2010/04/23 v1.9 graphics configuration of TeX Live
)
Package graphics Info: Driver file: dvips.def on input line 91.

(/usr/share/texlive/texmf-dist/tex/latex/graphics/dvips.def
File: dvips.def 1999/02/16 v3.0i Driver-dependant file (DPC,SPQR)
))
\Gin@req@height=\dimen112
\Gin@req@width=\dimen113
)
(/usr/share/texlive/texmf-dist/tex/generic/epsf/epsf.sty
This is `epsf.tex' v2.7.4 <14 February 2011>
\epsffilein=\read1
\epsfframemargin=\dimen114
\epsfframethickness=\dimen115
\epsfrsize=\dimen116
\epsftmp=\dimen117
\epsftsize=\dimen118
\epsfxsize=\dimen119
\epsfysize=\dimen120
\pspoints=\dimen121
) (/usr/share/texlive/texmf-dist/tex/latex/graphics/epsfig.sty
Package: epsfig 1999/02/16 v1.7a (e)psfig emulation (SPQR)
\epsfxsize=\dimen122
\epsfysize=\dimen123
)
(/usr/share/texlive/texmf-dist/tex/latex/fancyhdr/fancyhdr.sty
\fancy@headwidth=\skip49
\f@ncyO@elh=\skip50
\f@ncyO@erh=\skip51
\f@ncyO@olh=\skip52
\f@ncyO@orh=\skip53
\f@ncyO@elf=\skip54
\f@ncyO@erf=\skip55
\f@ncyO@olf=\skip56
\f@ncyO@orf=\skip57
)
(/usr/share/texlive/texmf-dist/tex/latex/tools/layout.sty
Package: layout 2000/09/25 v1.2c Show layout parameters
\oneinch=\count100
\cnt@paperwidth=\count101
\cnt@paperheight=\count102
\cnt@hoffset=\count103
\cnt@voffset=\count104
\cnt@textheight=\count105
\cnt@textwidth=\count106
\cnt@topmargin=\count107
\cnt@oddsidemargin=\count108
\cnt@evensidemargin=\count109
\cnt@headheight=\count110
\cnt@headsep=\count111
\cnt@marginparsep=\count112
\cnt@marginparwidth=\count113
\cnt@marginparpush=\count114
\cnt@footskip=\count115
\fheight=\count116
\ref@top=\count117
\ref@hoffset=\count118
\ref@voffset=\count119
\ref@head=\count120
\ref@body=\count121
\ref@foot=\count122
\ref@margin=\count123
\ref@marginwidth=\count124
\ref@marginpar=\count125
\Interval=\count126
\ExtraYPos=\count127
\PositionX=\count128
\PositionY=\count129
\ArrowLength=\count130
)
(/usr/share/texlive/texmf-dist/tex/generic/babel/babel.sty
Package: babel 2013/12/03 3.9h The Babel package

(/usr/share/texlive/texmf-dist/tex/generic/babel-french/frenchb.ldf
Language: frenchb 2013/12/30 v2.6g French support from the babel system

(/usr/share/texlive/texmf-dist/tex/generic/babel/babel.def
File: babel.def 2013/12/03 3.9h Babel common definitions
\babel@savecnt=\count131
\U@D=\dimen124
)
\FB@interchartokenstateORI=\count132
Package babel Info: Making : an active character on input line 244.
Package babel Info: Making ; an active character on input line 245.
Package babel Info: Making ! an active character on input line 246.
Package babel Info: Making ? an active character on input line 247.
\FB@Mht=\dimen125
\std@mcc=\count133
\dec@mcc=\count134
\listindentFB=\skip58
\labelwidthFB=\skip59
\leftmarginFB=\skip60
\parindentFFN=\dimen126
))
(/usr/share/texlive/texmf-dist/tex/latex/carlisle/scalefnt.sty)
(/usr/share/texlive/texmf-dist/tex/latex/base/fontenc.sty
Package: fontenc 2005/09/27 v1.99g Standard LaTeX package

(/usr/share/texlive/texmf-dist/tex/latex/base/t1enc.def
File: t1enc.def 2005/09/27 v1.99g Standard LaTeX file
LaTeX Font Info:    Redeclaring font encoding T1 on input line 43.
))
(/usr/share/texlive/texmf-dist/tex/latex/base/inputenc.sty
Package: inputenc 2008/03/30 v1.1d Input encoding file
\inpenc@prehook=\toks26
\inpenc@posthook=\toks27

(/usr/share/texlive/texmf-dist/tex/latex/base/latin1.def
File: latin1.def 2008/03/30 v1.1d Input encoding file
)) (./Macro.tex
\c@hypothese=\count135
\c@definition=\count136
\c@theoreme=\count137
\c@proposition=\count138
\c@corollaire=\count139
\c@lemme=\count140
\c@notation=\count141
\c@rappel=\count142
\c@remarque=\count143
\c@corollary=\count144
)
(./commandes.tex) (./Maineconometry.aux

LaTeX Warning: Label `analmath' multiply defined.


LaTeX Warning: Label `intensitesurvie' multiply defined.

)
\openout1 = `Maineconometry.aux'.

LaTeX Font Info:    Checking defaults for OML/cmm/m/it on input line 46.
LaTeX Font Info:    ... okay on input line 46.
LaTeX Font Info:    Checking defaults for T1/cmr/m/n on input line 46.
LaTeX Font Info:    ... okay on input line 46.
LaTeX Font Info:    Checking defaults for OT1/cmr/m/n on input line 46.
LaTeX Font Info:    ... okay on input line 46.
LaTeX Font Info:    Checking defaults for OMS/cmsy/m/n on input line 46.
LaTeX Font Info:    ... okay on input line 46.
LaTeX Font Info:    Checking defaults for OMX/cmex/m/n on input line 46.
LaTeX Font Info:    ... okay on input line 46.
LaTeX Font Info:    Checking defaults for U/cmr/m/n on input line 46.
LaTeX Font Info:    ... okay on input line 46.
LaTeX Info: Redefining \degres on input line 46.
LaTeX Info: Redefining \dots on input line 46.
LaTeX Info: Redefining \up on input line 46.
LaTeX Font Info:    Try loading font information for U+msa on input line 64.
 (/usr/share/texlive/texmf-dist/tex/latex/amsfonts/umsa.fd
File: umsa.fd 2013/01/14 v3.01 AMS symbols A
)
LaTeX Font Info:    Try loading font information for U+msb on input line 64.

(/usr/share/texlive/texmf-dist/tex/latex/amsfonts/umsb.fd
File: umsb.fd 2013/01/14 v3.01 AMS symbols B
)
LaTeX Font Info:    Try loading font information for U+rsfs on input line 64.

(/usr/share/texlive/texmf-dist/tex/latex/jknapltx/ursfs.fd
File: ursfs.fd 1998/03/24 rsfs font definition file (jk)
) [1



] [2

]
(./Maineconometry.toc [3]
Overfull \hbox (18.32497pt too wide) in paragraph at lines 51--51
 [][] []\T1/cmr/m/n/12 Décomposition du spread pour une obli-ga-tion ris-quée d
'entreprise- 
 []

)
\tf@toc=\write3
\openout3 = `Maineconometry.toc'.


Overfull \hbox (5.87357pt too wide) has occurred while \output is active
\T1/cmr/m/n/12 4 []
 []

[4] (./Introductioneconometrie.tex
Underfull \hbox (badness 10000) in paragraph at lines 3--4

 []

) (./car.tex
Overfull \hbox (5.87357pt too wide) has occurred while \output is active
[] \T1/cmr/m/n/12 5
 []

[5] [6

]
Chapitre 1.
[7]
Overfull \hbox (5.87357pt too wide) has occurred while \output is active
\T1/cmr/m/n/12 8 []
 []

[8]
Overfull \hbox (5.87357pt too wide) has occurred while \output is active
[] \T1/cmr/m/n/12 9
 []

[9]
Overfull \hbox (17.81477pt too wide) detected at line 89
\OML/cmm/m/it/12 E\OT1/cmr/m/n/12 [\OML/cmm/m/it/12 exp\OT1/cmr/m/n/12 (\OMS/cm
sy/m/n/12 ^^@\OML/cmm/m/it/12 uY[]\OT1/cmr/m/n/12 )\OMS/cmsy/m/n/12 j\OML/cmm/m
/it/12 Y[]\OT1/cmr/m/n/12 ] = \OML/cmm/m/it/12 exp\OT1/cmr/m/n/12 (\OMS/cmsy/m/
n/12 ^^@\OML/cmm/m/it/12 a[]\OT1/cmr/m/n/12 (\OML/cmm/m/it/12 u\OT1/cmr/m/n/12 
)\OML/cmm/m/it/12 Y[] \OT1/cmr/m/n/12 + [] \OML/cmm/m/it/12 b\OT1/cmr/m/n/12 (\
OML/cmm/m/it/12 a[]\OT1/cmr/m/n/12 (\OML/cmm/m/it/12 u\OT1/cmr/m/n/12 )))[]  = 
\OML/cmm/m/it/12 exp\OT1/cmr/m/n/12 (\OMS/cmsy/m/n/12 ^^@\OML/cmm/m/it/12 a[]\O
T1/cmr/m/n/12 (\OML/cmm/m/it/12 u\OT1/cmr/m/n/12 )\OML/cmm/m/it/12 Y[] \OT1/cmr
/m/n/12 + \OML/cmm/m/it/12 c\OT1/cmr/m/n/12 (\OML/cmm/m/it/12 u\OT1/cmr/m/n/12 
) \OMS/cmsy/m/n/12 ^^@ \OML/cmm/m/it/12 c\OT1/cmr/m/n/12 (\OML/cmm/m/it/12 a[]\
OT1/cmr/m/n/12 (\OML/cmm/m/it/12 u\OT1/cmr/m/n/12 )))
 []


Overfull \hbox (11.74713pt too wide) has occurred while \output is active
\T1/cmr/m/n/12 10 []
 []

[10]
Overfull \hbox (11.74713pt too wide) has occurred while \output is active
[] \T1/cmr/m/n/12 11
 []

[11]
Overfull \hbox (5.73553pt too wide) in paragraph at lines 195--196
[]\T1/cmr/m/n/12 Log-Laplace trans-for-mée : $\OML/cmm/m/it/12 a\OT1/cmr/m/n/12
 (\OML/cmm/m/it/12 u\OT1/cmr/m/n/12 ) = []$\T1/cmr/m/n/12 , $\OML/cmm/m/it/12 b
\OT1/cmr/m/n/12 (\OML/cmm/m/it/12 u\OT1/cmr/m/n/12 ) = \OMS/cmsy/m/n/12 ^^@\OML
/cmm/m/it/12 ^^N []\OT1/cmr/m/n/12 (1 + \OML/cmm/m/it/12 u\OT1/cmr/m/n/12 )$\T1
/cmr/m/n/12 , $\OML/cmm/m/it/12 c\OT1/cmr/m/n/12 (\OML/cmm/m/it/12 u\OT1/cmr/m/
n/12 ) = \OMS/cmsy/m/n/12 ^^@\OML/cmm/m/it/12 ^^N []\OT1/cmr/m/n/12 (1[])$ 
 []


Overfull \hbox (11.74713pt too wide) has occurred while \output is active
\T1/cmr/m/n/12 12 []
 []

[12]
Overfull \hbox (63.75153pt too wide) in paragraph at lines 221--222
[]\T1/cmr/m/n/12 Log-Laplace trans-for-mée : $\OML/cmm/m/it/12 a\OT1/cmr/m/n/12
 (\OML/cmm/m/it/12 u\OT1/cmr/m/n/12 ) = [][\OML/cmm/m/it/12 ^^M [] u\OT1/cmr/m/
n/12 ]$\T1/cmr/m/n/12 , $\OML/cmm/m/it/12 b\OT1/cmr/m/n/12 (\OML/cmm/m/it/12 u\
OT1/cmr/m/n/12 ) = \OMS/cmsy/m/n/12 ^^@ [] [] \OML/cmm/m/it/12 u \OT1/cmr/m/n/1
2 + [] [] [][\OML/cmm/m/it/12 ^^M [] u\OT1/cmr/m/n/12 ]$\T1/cmr/m/n/12 ,
 []


Overfull \hbox (42.30812pt too wide) in paragraph at lines 228--230
[]\T1/cmr/bx/n/12 Un pro-ces-sus sto-chas-tique au-to-ré-gres-sif non li-néaire
 \T1/cmr/m/n/12 Quand à la fois $[]\OT1/cmr/m/n/12 [\OMS/cmsy/m/n/12 ^^@\OML/cm
m/m/it/12 a\OT1/cmr/m/n/12 (\OML/cmm/m/it/12 u\OT1/cmr/m/n/12 )\OML/cmm/m/it/12
 Y[]\OT1/cmr/m/n/12 ]$
 []


Overfull \hbox (11.74713pt too wide) has occurred while \output is active
[] \T1/cmr/m/n/12 13
 []

[13]
Overfull \hbox (38.49974pt too wide) detected at line 273
[][] [] []
 []


Overfull \hbox (11.74713pt too wide) has occurred while \output is active
\T1/cmr/m/n/12 14 []
 []

[14]) (./amcra.tex
Overfull \hbox (11.74713pt too wide) has occurred while \output is active
[] \T1/cmr/m/n/12 15
 []

[15] [16

]
Chapitre 2.
[17]
Overfull \hbox (11.74713pt too wide) has occurred while \output is active
\T1/cmr/m/n/12 18 []
 []

[18]
Overfull \hbox (11.74713pt too wide) has occurred while \output is active
[] \T1/cmr/m/n/12 19
 []

[19]
Overfull \hbox (11.74713pt too wide) has occurred while \output is active
\T1/cmr/m/n/12 20 []
 []

[20]
Overfull \hbox (11.74713pt too wide) has occurred while \output is active
[] \T1/cmr/m/n/12 21
 []

[21]
Overfull \hbox (26.13301pt too wide) detected at line 127
\OML/cmm/m/it/12 exp\OT1/cmr/m/n/12 [\OMS/cmsy/m/n/12 ^^@ [] \OML/cmm/m/it/12 n
[][] \OT1/cmr/m/n/12 + \OML/cmm/m/it/12 B[]\OT1/cmr/m/n/12 (\OML/cmm/m/it/12 t
; t \OT1/cmr/m/n/12 + \OML/cmm/m/it/12 h\OT1/cmr/m/n/12 ) + \OML/cmm/m/it/12 A[
]\OT1/cmr/m/n/12 (\OML/cmm/m/it/12 t; t \OT1/cmr/m/n/12 + \OML/cmm/m/it/12 h\OT
1/cmr/m/n/12 )[]\OML/cmm/m/it/12 Z[]\OT1/cmr/m/n/12 ] \OMS/cmsy/m/n/12 ^^B \OML
/cmm/m/it/12 exp\OT1/cmr/m/n/12 [\OML/cmm/m/it/12 B[]\OT1/cmr/m/n/12 (\OML/cmm/
m/it/12 t; t \OT1/cmr/m/n/12 + \OML/cmm/m/it/12 h[]\OT1/cmr/m/n/12 ) + \OML/cmm
/m/it/12 A[]\OT1/cmr/m/n/12 (\OML/cmm/m/it/12 t; t \OT1/cmr/m/n/12 + \OML/cmm/m
/it/12 h[]\OT1/cmr/m/n/12 )[]\OML/cmm/m/it/12 Z[]
 []


Overfull \hbox (11.74713pt too wide) has occurred while \output is active
\T1/cmr/m/n/12 22 []
 []

[22]
Overfull \hbox (50.31717pt too wide) detected at line 135
\OML/cmm/m/it/12 P\OT1/cmr/m/n/12 [\OML/cmm/m/it/12 ^^\[] > t \OT1/cmr/m/n/12 +
 \OML/cmm/m/it/12 h\OMS/cmsy/m/n/12 j\OML/cmm/m/it/12 PaR[]; S \OMS/cmsy/m/n/12
 ^^R \OML/cmm/m/it/12 Par[]; Z[]; Z[]\OT1/cmr/m/n/12 ] = \OML/cmm/m/it/12 exp\O
T1/cmr/m/n/12 [\OMS/cmsy/m/n/12 ^^@\OML/cmm/m/it/12 n [] n[][] \OT1/cmr/m/n/12
 + \OML/cmm/m/it/12 B[]\OT1/cmr/m/n/12 (\OML/cmm/m/it/12 t; t \OT1/cmr/m/n/12 +
 \OML/cmm/m/it/12 h\OT1/cmr/m/n/12 ) + \OML/cmm/m/it/12 A[]\OT1/cmr/m/n/12 (\OM
L/cmm/m/it/12 t; t \OT1/cmr/m/n/12 + \OML/cmm/m/it/12 h\OT1/cmr/m/n/12 )[]\OML/
cmm/m/it/12 Z[]\OT1/cmr/m/n/12 ]
 []


Overfull \hbox (14.38858pt too wide) detected at line 163
\OML/cmm/m/it/12 exp\OT1/cmr/m/n/12 [\OMS/cmsy/m/n/12 ^^@\OML/cmm/m/it/12 nh \
OT1/cmr/m/n/12 + [] \OML/cmm/m/it/12 b[]\OT1/cmr/m/n/12 [\OML/cmm/m/it/12 a[]\O
T1/cmr/m/n/12 (0)] + [\OML/cmm/m/it/12 a[]\OT1/cmr/m/n/12 (0)[]\OML/cmm/m/it/12
 Z[]\OT1/cmr/m/n/12 ]] \OMS/cmsy/m/n/12 ^^B \OML/cmm/m/it/12 exp\OT1/cmr/m/n/12
 [\OML/cmm/m/it/12 n [] b[]\OT1/cmr/m/n/12 [\OML/cmm/m/it/12 a[]\OT1/cmr/m/n/12
 (0)] + \OML/cmm/m/it/12 a[]\OT1/cmr/m/n/12 (0)[] [] \OML/cmm/m/it/12 Z[]\OT1/c
mr/m/n/12 ]
 []


Overfull \hbox (11.74713pt too wide) has occurred while \output is active
[] \T1/cmr/m/n/12 23
 []

[23]
Overfull \hbox (11.74713pt too wide) has occurred while \output is active
\T1/cmr/m/n/12 24 []
 []

[24]
Overfull \hbox (61.9718pt too wide) detected at line 207
\OT1/cmr/m/n/12 = \OML/cmm/m/it/12 exp\OT1/cmr/m/n/12 [\OML/cmm/m/it/12 ^^W[]h 
\OMS/cmsy/m/n/12 ^^@ [] \OML/cmm/m/it/12 []\OT1/cmr/m/n/12 ] \OMS/cmsy/m/n/12 
^^B \OML/cmm/m/it/12 exp\OT1/cmr/m/n/12 [\OML/cmm/m/it/12 B[]\OT1/cmr/m/n/12 (\
OML/cmm/m/it/12 t; t \OT1/cmr/m/n/12 + \OML/cmm/m/it/12 h\OT1/cmr/m/n/12 ) + \O
ML/cmm/m/it/12 A[]\OT1/cmr/m/n/12 (\OML/cmm/m/it/12 t; t \OT1/cmr/m/n/12 + \OML
/cmm/m/it/12 h\OT1/cmr/m/n/12 )[]\OML/cmm/m/it/12 Z[]\OT1/cmr/m/n/12 ] \OMS/cms
y/m/n/12 ^^B \OML/cmm/m/it/12 exp\OT1/cmr/m/n/12 [\OML/cmm/m/it/12 B[]\OT1/cmr/
m/n/12 (\OML/cmm/m/it/12 t; t \OT1/cmr/m/n/12 + \OML/cmm/m/it/12 h\OT1/cmr/m/n/
12 ) + \OML/cmm/m/it/12 A[]\OT1/cmr/m/n/12 (\OML/cmm/m/it/12 t; t \OT1/cmr/m/n/
12 + \OML/cmm/m/it/12 h\OT1/cmr/m/n/12 )[]\OML/cmm/m/it/12 Z[]\OT1/cmr/m/n/12 ]

 []


Overfull \hbox (11.74713pt too wide) has occurred while \output is active
[] \T1/cmr/m/n/12 25
 []

[25]

LaTeX Font Warning: Command \huge invalid in math mode on input line 251.


Overfull \hbox (11.74713pt too wide) has occurred while \output is active
\T1/cmr/m/n/12 26 []
 []

[26]
Overfull \hbox (52.32007pt too wide) detected at line 273
\OT1/cmr/m/n/12 ^^E(\OML/cmm/m/it/12 t; t \OT1/cmr/m/n/12 + \OML/cmm/m/it/12 h\
OT1/cmr/m/n/12 ) = \OML/cmm/m/it/12 n \OMS/cmsy/m/n/12 ^^@ [] []\OT1/cmr/m/n/1
2 [\OML/cmm/m/it/12 b[]\OT1/cmr/m/n/12 (\OML/cmm/m/it/12 a[]\OT1/cmr/m/n/12 (0)
) + \OML/cmm/m/it/12 nb[]\OT1/cmr/m/n/12 [\OML/cmm/m/it/12 a[]\OT1/cmr/m/n/12 (
0)]] \OMS/cmsy/m/n/12 ^^@ []\OML/cmm/m/it/12 a[]\OT1/cmr/m/n/12 (0)[]\OML/cmm/m
/it/12 Z[] \OMS/cmsy/m/n/12 ^^@ []\OML/cmm/m/it/12 a[]\OT1/cmr/m/n/12 (0)[][\OM
L/cmm/m/it/12 Z[] \OT1/cmr/m/n/12 + \OML/cmm/m/it/12 ::: \OT1/cmr/m/n/12 + \OML
/cmm/m/it/12 Z[]\OT1/cmr/m/n/12 ]
 []


Overfull \hbox (11.74713pt too wide) has occurred while \output is active
[] \T1/cmr/m/n/12 27
 []

[27]
Overfull \hbox (11.74713pt too wide) has occurred while \output is active
\T1/cmr/m/n/12 28 []
 []

[28]
Overfull \hbox (11.74713pt too wide) has occurred while \output is active
[] \T1/cmr/m/n/12 29
 []

[29]) (./rcalcul.tex
Overfull \hbox (11.74713pt too wide) has occurred while \output is active
\T1/cmr/m/n/12 30 []
 []

[30]
Chapitre 3.
[31

]
Overfull \hbox (1.65254pt too wide) detected at line 142
[] []
 []


Overfull \hbox (11.74713pt too wide) has occurred while \output is active
\T1/cmr/m/n/12 32 []
 []

[32]
Overfull \hbox (13.79263pt too wide) in paragraph at lines 152--275
\T1/cmr/bx/n/10.95 ZeroCouponCorporateBondYield[i]=-log(ZeroCouponCorporateBond
Price(i))/i; 
 []


Overfull \hbox (7.88976pt too wide) in paragraph at lines 152--275
\T1/cmr/bx/n/10.95 subLabel="(Default-Sdf cor-re-la-tion ef-fect(short dash),De
fault Ef-fect(dash), Cre-
 []


Overfull \hbox (84.41866pt too wide) in paragraph at lines 152--275
\T1/cmr/bx/n/10.95 ts.plot(as.ts(all),main=mainLabel,sub=subLabel, xlab="Term",
ylab="Spread",lty=c(1,5,3)); 
 []


Underfull \hbox (badness 10000) in paragraph at lines 152--275

 []


Overfull \hbox (11.74713pt too wide) has occurred while \output is active
[] \T1/cmr/m/n/12 33
 []

[33]
Underfull \vbox (badness 10000) has occurred while \output is active []


Overfull \hbox (11.74713pt too wide) has occurred while \output is active
\T1/cmr/m/n/12 34 []
 []

[34]
Overfull \hbox (11.74713pt too wide) has occurred while \output is active
[] \T1/cmr/m/n/12 35
 []

[35]
Overfull \hbox (0.17783pt too wide) in paragraph at lines 313--471
\T1/cmr/bx/n/12 FirstToDefaultBasketMarginalSurvivingProbability<-function(hori
zon){ 
 []


Overfull \hbox (38.90073pt too wide) in paragraph at lines 313--471
\T1/cmr/bx/n/12 FirstToDefaultCorrelDefaultIntensity,spreadDefaultStochasticDis
countFactor); 
 []


Underfull \hbox (badness 10000) in paragraph at lines 313--471

 []


Overfull \hbox (11.74713pt too wide) has occurred while \output is active
\T1/cmr/m/n/12 36 []
 []

[36]
Underfull \vbox (badness 10000) has occurred while \output is active []


Overfull \hbox (11.74713pt too wide) has occurred while \output is active
[] \T1/cmr/m/n/12 37
 []

[37]
Underfull \vbox (badness 10000) has occurred while \output is active []


Overfull \hbox (11.74713pt too wide) has occurred while \output is active
\T1/cmr/m/n/12 38 []
 []

[38]
Overfull \hbox (11.74713pt too wide) has occurred while \output is active
[] \T1/cmr/m/n/12 39
 []

[39]
Overfull \hbox (134.47032pt too wide) in paragraph at lines 578--709
\T1/cmr/m/n/12 WithRecoveryZeroCouponCorporateBondYield[s]=-log(ZeroCouponCorpo
rateBondWithRecoveryPrice(s))/s; 
 []


Overfull \hbox (170.36433pt too wide) in paragraph at lines 578--709
\T1/cmr/m/n/12 SecondWithRecoveryZeroCouponCorporateBondYield[s]=-log(ZeroCoupo
nCorporateBondWithRecoveryPrice(s))/s; 
 []


Overfull \hbox (163.83813pt too wide) in paragraph at lines 578--709
\T1/cmr/m/n/12 ThirdWithRecoveryZeroCouponCorporateBondYield[s]=-log(ZeroCoupon
CorporateBondWithRecoveryPrice(s))/s; 
 []


Overfull \hbox (607.72821pt too wide) in paragraph at lines 578--709
\T1/cmr/m/n/12 all=cbind(ZeroCouponCorporateBondYield,WithRecoveryZeroCouponCor
porateBondYield,SecondWithRecoveryZeroCouponCorporateBondYield,ThirdWithRecover
yZeroCouponCorporateBondYield); 
 []


Overfull \hbox (240.9565pt too wide) in paragraph at lines 578--709
\T1/cmr/m/n/12 subLabel =[]Zero rate (so-lid), Rate (95ts.plot(as.ts(all),main=
mainLabel,sub=subLabel,xlab="Term",ylab="Yield",lty=c(1,5,3,2)); 
 []


Underfull \hbox (badness 10000) in paragraph at lines 578--709

 []


Overfull \hbox (11.74713pt too wide) has occurred while \output is active
\T1/cmr/m/n/12 40 []
 []

[40]
Overfull \hbox (11.74713pt too wide) has occurred while \output is active
[] \T1/cmr/m/n/12 41
 []

[41]
Underfull \vbox (badness 10000) has occurred while \output is active []


Overfull \hbox (11.74713pt too wide) has occurred while \output is active
\T1/cmr/m/n/12 42 []
 []

[42]
File: CorporateBondTermStructure.eps Graphic file (type eps)
 <CorporateBondTermStructure.eps>
Underfull \vbox (badness 10000) has occurred while \output is active []


Overfull \hbox (11.74713pt too wide) has occurred while \output is active
[] \T1/cmr/m/n/12 43
 []

[43]
File: CorporateBondDecomposition.eps Graphic file (type eps)
 <CorporateBondDecomposition.eps>
File: FirstToDefaultBasketTermStructure.eps Graphic file (type eps)
 <FirstToDefaultBasketTermStructure.eps>
Overfull \hbox (11.74713pt too wide) has occurred while \output is active
\T1/cmr/m/n/12 44 []
 []

[44]
File: FirstToDefaultBasketDecomposition.eps Graphic file (type eps)
 <FirstToDefaultBasketDecomposition.eps>
Overfull \hbox (0.94864pt too wide) in paragraph at lines 735--735
[]\T1/cmr/bx/n/14.4 Résultats pour les obli-ga-tions d'en-tre-prise avec des ta
ux
 []

File: CorporateBondRecoveryPrice.eps Graphic file (type eps)
<CorporateBondRecoveryPrice.eps>
Underfull \vbox (badness 1383) has occurred while \output is active []


Overfull \hbox (11.74713pt too wide) has occurred while \output is active
[] \T1/cmr/m/n/12 45
 []

[45]
File: CorporateBondRecoveryYield.eps Graphic file (type eps)
 <CorporateBondRecoveryYield.eps>)
Overfull \hbox (11.74713pt too wide) has occurred while \output is active
\T1/cmr/m/n/12 46 []
 []

[46] (./Conclusioneconometrie.tex)
Overfull \hbox (11.74713pt too wide) has occurred while \output is active
[] \T1/cmr/m/n/12 47
 []

[47] [48

] [49] (./Maineconometry.aux)

LaTeX Warning: There were multiply-defined labels.

 )
(\end occurred inside a group at level 1)

### simple group (level 1) entered at line 477 ({)
### bottom level 
Here is how much of TeX's memory you used:
 3251 strings out of 495000
 39518 string characters out of 6180254
 110517 words of memory out of 5000000
 6388 multiletter control sequences out of 15000+600000
 25973 words of font info for 75 fonts, out of 8000000 for 9000
 14 hyphenation exceptions out of 8191
 28i,13n,43p,869b,309s stack positions out of 5000i,500n,10000p,200000b,80000s

Output written on Maineconometry.dvi (49 pages, 133748 bytes).
