This is e-TeX, Version 3.14159-2.1 (Web2C 7.4.5) (format=latex 2006.5.4)  27 SEP 2006 23:03
entering extended mode
**mainthesis0506.tex
(./mainthesis0506.tex
LaTeX2e <2001/06/01>
Babel <v3.7h> and hyphenation patterns for american, french, german, ngerman, b
ahasa, basque, catalan, croatian, czech, danish, dutch, finnish, greek, iceland
ic, irish, italian, latin, magyar, norsk, norsk, portuges, romanian, russian, s
lovak, slovene, spanish, swedish, turkish, ukrainian, nohyphenation, loaded.
(/usr/share/texmf/tex/latex/base/book.cls
Document Class: book 2001/04/21 v1.4e Standard LaTeX document class
(/usr/share/texmf/tex/latex/base/bk12.clo
File: bk12.clo 2001/04/21 v1.4e Standard LaTeX file (size option)
)
\c@part=\count79
\c@chapter=\count80
\c@section=\count81
\c@subsection=\count82
\c@subsubsection=\count83
\c@paragraph=\count84
\c@subparagraph=\count85
\c@figure=\count86
\c@table=\count87
\abovecaptionskip=\skip41
\belowcaptionskip=\skip42
\bibindent=\dimen102
)
(/usr/share/texmf/tex/latex/amsmath/amsmath.sty
Package: amsmath 2000/07/18 v2.13 AMS math features
\@mathmargin=\skip43

For additional information on amsmath, use the `?' option.
(/usr/share/texmf/tex/latex/amsmath/amstext.sty
Package: amstext 2000/06/29 v2.01

(/usr/share/texmf/tex/latex/amsmath/amsgen.sty
File: amsgen.sty 1999/11/30 v2.0
\@emptytoks=\toks14
\ex@=\dimen103
))
(/usr/share/texmf/tex/latex/amsmath/amsbsy.sty
Package: amsbsy 1999/11/29 v1.2d
\pmbraise@=\dimen104
)
(/usr/share/texmf/tex/latex/amsmath/amsopn.sty
Package: amsopn 1999/12/14 v2.01 operator names
)
\inf@bad=\count88
LaTeX Info: Redefining \frac on input line 211.
\uproot@=\count89
\leftroot@=\count90
LaTeX Info: Redefining \overline on input line 307.
\classnum@=\count91
\DOTSCASE@=\count92
LaTeX Info: Redefining \ldots on input line 379.
LaTeX Info: Redefining \dots on input line 382.
LaTeX Info: Redefining \cdots on input line 467.
\Mathstrutbox@=\box26
\strutbox@=\box27
\big@size=\dimen105
LaTeX Font Info:    Redeclaring font encoding OML on input line 567.
LaTeX Font Info:    Redeclaring font encoding OMS on input line 568.
\macc@depth=\count93
\c@MaxMatrixCols=\count94
\dotsspace@=\muskip10
\c@parentequation=\count95
\dspbrk@lvl=\count96
\tag@help=\toks15
\row@=\count97
\column@=\count98
\maxfields@=\count99
\andhelp@=\toks16
\eqnshift@=\dimen106
\alignsep@=\dimen107
\tagshift@=\dimen108
\tagwidth@=\dimen109
\totwidth@=\dimen110
\lineht@=\dimen111
\@envbody=\toks17
\multlinegap=\skip44
\multlinetaggap=\skip45
\mathdisplay@stack=\toks18
LaTeX Info: Redefining \[ on input line 2666.
LaTeX Info: Redefining \] on input line 2667.
)
(/usr/share/texmf/tex/latex/amsfonts/amssymb.sty
Package: amssymb 2002/01/22 v2.2d

(/usr/share/texmf/tex/latex/amsfonts/amsfonts.sty
Package: amsfonts 2001/10/25 v2.2f
\symAMSa=\mathgroup4
\symAMSb=\mathgroup5
LaTeX Font Info:    Overwriting math alphabet `\mathfrak' in version `bold'
(Font)                  U/euf/m/n --> U/euf/b/n on input line 132.
))
(/usr/share/texmf/tex/latex/amsfonts/eucal.sty
Package: eucal 2001/10/01 v2.2d Euler Script fonts
LaTeX Font Info:    Overwriting math alphabet `\EuScript' in version `bold'
(Font)                  U/eus/m/n --> U/eus/b/n on input line 55.
)
(/usr/share/texmf/tex/latex/jknappen/mathrsfs.sty
Package: mathrsfs 1996/01/01 Math RSFS package v1.0 (jk)
\symrsfs=\mathgroup6
)
(/usr/share/texmf/tex/latex/amscls/amsthm.sty
Package: amsthm 2000/10/26 v2.08
\thm@style=\toks19
\thm@bodyfont=\toks20
\thm@headfont=\toks21
\thm@notefont=\toks22
\thm@headpunct=\toks23
\thm@preskip=\skip46
\thm@postskip=\skip47
\thm@headsep=\skip48
\dth@everypar=\toks24
)
(/usr/share/texmf/tex/latex/graphics/graphicx.sty
Package: graphicx 1999/02/16 v1.0f Enhanced LaTeX Graphics (DPC,SPQR)

(/usr/share/texmf/tex/latex/graphics/keyval.sty
Package: keyval 1999/03/16 v1.13 key=value parser (DPC)
\KV@toks@=\toks25
)
(/usr/share/texmf/tex/latex/graphics/graphics.sty
Package: graphics 2001/07/07 v1.0n Standard LaTeX Graphics (DPC,SPQR)

(/usr/share/texmf/tex/latex/graphics/trig.sty
Package: trig 1999/03/16 v1.09 sin cos tan (DPC)
)
(/usr/share/texmf/tex/latex/config/graphics.cfg
File: graphics.cfg 2001/08/31 v1.1 graphics configuration of teTeX/TeXLive
)
Package graphics Info: Driver file: dvips.def on input line 80.

(/usr/share/texmf/tex/latex/graphics/dvips.def
File: dvips.def 1999/02/16 v3.0i Driver-dependant file (DPC,SPQR)
))
\Gin@req@height=\dimen112
\Gin@req@width=\dimen113
)
(/usr/share/texmf/tex/generic/dvips/epsf.tex
This is `epsf.tex' v2.7k <10 July 1997>
\epsffilein=\read1
\epsfframemargin=\dimen114
\epsfframethickness=\dimen115
\epsfrsize=\dimen116
\epsftmp=\dimen117
\epsftsize=\dimen118
\epsfxsize=\dimen119
\epsfysize=\dimen120
\pspoints=\dimen121
\epsfnoopenhelp=\toks26
) (/usr/share/texmf/tex/latex/graphics/epsfig.sty
Package: epsfig 1999/02/16 v1.7a (e)psfig emulation (SPQR)
\epsfxsize=\dimen122
\epsfysize=\dimen123
)
(/usr/share/texmf/tex/latex/fancyhdr/fancyhdr.sty
\headwidth=\dimen124
)
(/usr/share/texmf/tex/latex/tools/layout.sty
Package: layout 2000/09/25 v1.2c Show layout parameters
\oneinch=\count100
\cnt@paperwidth=\count101
\cnt@paperheight=\count102
\cnt@hoffset=\count103
\cnt@voffset=\count104
\cnt@textheight=\count105
\cnt@textwidth=\count106
\cnt@topmargin=\count107
\cnt@oddsidemargin=\count108
\cnt@evensidemargin=\count109
\cnt@headheight=\count110
\cnt@headsep=\count111
\cnt@marginparsep=\count112
\cnt@marginparwidth=\count113
\cnt@marginparpush=\count114
\cnt@footskip=\count115
\fheight=\count116
\ref@top=\count117
\ref@hoffset=\count118
\ref@voffset=\count119
\ref@head=\count120
\ref@body=\count121
\ref@foot=\count122
\ref@margin=\count123
\ref@marginwidth=\count124
\ref@marginpar=\count125
\Interval=\count126
\ExtraYPos=\count127
\PositionX=\count128
\PositionY=\count129
\ArrowLength=\count130
)
(/usr/share/texmf/tex/generic/babel/babel.sty
Package: babel 2001/03/01 v3.7h The Babel package

(/usr/share/texmf/tex/generic/babel/frenchb.ldf
Language: french 2001/09/09 v1.5g French support from the babel system

(/usr/share/texmf/tex/generic/babel/babel.def
File: babel.def 2001/03/01 v3.7h Babel common definitions
\babel@savecnt=\count131
\U@D=\dimen125
)
Package babel Info: Making : an active character on input line 199.
Package babel Info: Making ; an active character on input line 200.
Package babel Info: Making ! an active character on input line 201.
Package babel Info: Making ? an active character on input line 202.

*************************************
* Local config file frenchb.cfg used
*
(/usr/share/texmf/tex/generic/babel/frenchb.cfg)))
(/usr/share/texmf/tex/latex/base/fontenc.sty
Package: fontenc 2001/06/05 v1.94 Standard LaTeX package

(/usr/share/texmf/tex/latex/base/t1enc.def
File: t1enc.def 2001/06/05 v1.94 Standard LaTeX file
LaTeX Font Info:    Redeclaring font encoding T1 on input line 38.
))
(/usr/share/texmf/tex/latex/base/inputenc.sty
Package: inputenc 2001/07/10 v0.99a Input encoding file 

(/usr/share/texmf/tex/latex/base/latin1.def
File: latin1.def 2001/07/10 v0.99a Input encoding file 
)) (./Macro.tex
\c@definition=\count132
\c@theoreme=\count133
\c@proposition=\count134
\c@corollaire=\count135
\c@lemme=\count136
\c@notation=\count137
\c@rappel=\count138
\c@remarque=\count139
\c@corollary=\count140
) (./commandes.tex)
(./mainthesis0506.aux

LaTeX Warning: Label `fonctiontestdumodem' multiply defined.


LaTeX Warning: Label `fonctiontestdumodem' multiply defined.


LaTeX Warning: Label `deuxiemenotationsimplificatrice' multiply defined.


LaTeX Warning: Label `gausscompletregulier' multiply defined.


LaTeX Warning: Label `eqfluiadim' multiply defined.


LaTeX Warning: Label `probacoustiqueaxisymetriquecompletavecconditionsauxbordsr
appelnumerodeuxreduitmodal' multiply defined.


LaTeX Warning: Label `definitionoperateurmodalespacephysique' multiply defined.



LaTeX Warning: Label `definitionL2axi' multiply defined.


LaTeX Warning: Label `definitionH1axi' multiply defined.


LaTeX Warning: Label `premiereegaliteenergie' multiply defined.


LaTeX Warning: Label `numeriquecastestdebugsectionsub33' multiply defined.

)
\openout1 = `mainthesis0506.aux'.

LaTeX Font Info:    Checking defaults for OML/cmm/m/it on input line 46.
LaTeX Font Info:    ... okay on input line 46.
LaTeX Font Info:    Checking defaults for T1/cmr/m/n on input line 46.
LaTeX Font Info:    ... okay on input line 46.
LaTeX Font Info:    Checking defaults for OT1/cmr/m/n on input line 46.
LaTeX Font Info:    ... okay on input line 46.
LaTeX Font Info:    Checking defaults for OMS/cmsy/m/n on input line 46.
LaTeX Font Info:    ... okay on input line 46.
LaTeX Font Info:    Checking defaults for OMX/cmex/m/n on input line 46.
LaTeX Font Info:    ... okay on input line 46.
LaTeX Font Info:    Checking defaults for U/cmr/m/n on input line 46.
LaTeX Font Info:    ... okay on input line 46.
LaTeX Font Info:    Checking defaults for OT2/wncyr/m/n on input line 46.
LaTeX Font Info:    Try loading font information for OT2+wncyr on input line 46
.
 (/usr/share/texmf/tex/latex/cyrillic/ot2wncyr.fd
File: ot2wncyr.fd 1999/12/17 v3.2a Computer Modern Cyrillic font definitions
)
LaTeX Font Info:    ... okay on input line 46.
LaTeX Info: Redefining \dots on input line 46.
LaTeX Font Info:    Try loading font information for U+msa on input line 58.

(/usr/share/texmf/tex/latex/amsfonts/umsa.fd
File: umsa.fd 2002/01/19 v2.2g AMS font definitions
)
LaTeX Font Info:    Try loading font information for U+msb on input line 58.

(/usr/share/texmf/tex/latex/amsfonts/umsb.fd
File: umsb.fd 2002/01/19 v2.2g AMS font definitions
)
LaTeX Font Info:    Try loading font information for U+rsfs on input line 58.

(/usr/share/texmf/tex/latex/jknappen/ursfs.fd
File: ursfs.fd 1998/03/24 rsfs font definition file (jk)
) [1



] (./remerciements.tex)
[2] (./mainthesis0506.toc [3

]
Overfull \hbox (5.87357pt too wide) has occurred while \output is active
\T1/cmr/m/n/12 4 []
 []

[4])
\tf@toc=\write3
\openout3 = `mainthesis0506.toc'.


Overfull \hbox (5.87357pt too wide) has occurred while \output is active
[] \T1/cmr/m/n/12 5
 []

[5] (./Introductionthesis.tex
Underfull \hbox (badness 10000) in paragraph at lines 3--19

 []


Underfull \hbox (badness 10000) in paragraph at lines 3--19

 []


Underfull \hbox (badness 10000) in paragraph at lines 3--19

 []

File: legendredeux.eps Graphic file (type eps)
<legendredeux.eps>
Underfull \hbox (badness 10000) in paragraph at lines 25--28

 []

File: legendreun.eps Graphic file (type eps)
<legendreun.eps>
Overfull \hbox (28.47081pt too wide) in paragraph at lines 29--31
 [] 
 []


Overfull \hbox (5.87357pt too wide) has occurred while \output is active
\T1/cmr/m/n/12 6 []
 []

[6]
Underfull \hbox (badness 10000) in paragraph at lines 37--39

 []


Underfull \hbox (badness 10000) in paragraph at lines 40--54

 []


Underfull \hbox (badness 10000) in paragraph at lines 40--54

 []


Underfull \hbox (badness 10000) in paragraph at lines 40--54

 []


Overfull \hbox (5.87357pt too wide) has occurred while \output is active
[] \T1/cmr/m/n/12 7
 []

[7]) (./problemepose.tex
Overfull \hbox (5.87357pt too wide) has occurred while \output is active
\T1/cmr/m/n/12 8 []
 []

[8]
Chapitre 1.
File: ddmgeometrienumerounfinal.eps Graphic file (type eps)
<ddmgeometrienumerounfinal.eps>
Underfull \vbox (badness 10000) has occurred while \output is active []

 [9

]
Overfull \hbox (11.74713pt too wide) has occurred while \output is active
\T1/cmr/m/n/12 10 []
 []

[10]
Overfull \hbox (11.74713pt too wide) has occurred while \output is active
[] \T1/cmr/m/n/12 11
 []

[11]
File: geometrienumerounfinal.eps Graphic file (type eps)
 <geometrienumerounfinal.eps>
Overfull \hbox (11.74713pt too wide) has occurred while \output is active
\T1/cmr/m/n/12 12 []
 []

[12]
Overfull \hbox (11.74713pt too wide) has occurred while \output is active
[] \T1/cmr/m/n/12 13
 []

[13]
Overfull \hbox (11.74713pt too wide) has occurred while \output is active
\T1/cmr/m/n/12 14 []
 []

[14]
Overfull \hbox (11.74713pt too wide) has occurred while \output is active
[] \T1/cmr/m/n/12 15
 []

[15]) (./modesaumoteur.tex (./modes.tex
Underfull \hbox (badness 10000) in paragraph at lines 206--1

 []


Underfull \hbox (badness 10000) in paragraph at lines 206--1

 []


Underfull \hbox (badness 10000) in paragraph at lines 206--1

 []


Underfull \hbox (badness 10000) in paragraph at lines 206--1

 []


Overfull \hbox (11.74713pt too wide) has occurred while \output is active
\T1/cmr/m/n/12 16 []
 []

[16]
Underfull \vbox (badness 10000) has occurred while \output is active []


Overfull \hbox (11.74713pt too wide) has occurred while \output is active
[] \T1/cmr/m/n/12 17
 []

[17]
Overfull \hbox (11.74713pt too wide) has occurred while \output is active
\T1/cmr/m/n/12 18 []
 []

[18]
Chapitre 2.
File: geometrienumerounmodalfinal.eps Graphic file (type eps)
<geometrienumerounmodalfinal.eps> [19

]
Overfull \hbox (11.74713pt too wide) has occurred while \output is active
\T1/cmr/m/n/12 20 []
 []

[20]
Overfull \hbox (10.39355pt too wide) in paragraph at lines 43--48
\T1/cmr/m/n/12 Où $[]$ dé-signe la par-tie en-tière et la fré-quence as-so-ciée
 au nombre d'ondes $[]$
 []


Overfull \hbox (11.74713pt too wide) has occurred while \output is active
[] \T1/cmr/m/n/12 21
 []

[21]
Overfull \hbox (11.74713pt too wide) has occurred while \output is active
\T1/cmr/m/n/12 22 []
 []

[22]
Underfull \hbox (badness 10000) in paragraph at lines 108--110

 []


Overfull \hbox (11.74713pt too wide) has occurred while \output is active
[] \T1/cmr/m/n/12 23
 []

[23]
Overfull \hbox (4.68527pt too wide) in paragraph at lines 192--195
\T1/cmr/m/n/12 Exprimons main-te-nant la den-sité moyenne d'éner-gie acous-tiqu
e par sec-tion de conduit
 []


Overfull \hbox (11.74713pt too wide) has occurred while \output is active
\T1/cmr/m/n/12 24 []
 []

[24]
Overfull \hbox (15.18599pt too wide) detected at line 257
[]
 []


Overfull \hbox (11.74713pt too wide) has occurred while \output is active
[] \T1/cmr/m/n/12 25
 []

[25]
Overfull \hbox (11.74713pt too wide) has occurred while \output is active
\T1/cmr/m/n/12 26 []
 []

[26])) (./ecoulementconstant.tex (./lorentz.tex
Overfull \hbox (11.74713pt too wide) has occurred while \output is active
[] \T1/cmr/m/n/12 27
 []

[27] [28

]
Chapitre 3.
File: lorentzavececoulementconstant.eps Graphic file (type eps)
<lorentzavececoulementconstant.eps> [29]
Overfull \hbox (11.74713pt too wide) has occurred while \output is active
\T1/cmr/m/n/12 30 []
 []

[30]) (./equationintegrale.tex
Overfull \hbox (11.74713pt too wide) has occurred while \output is active
[] \T1/cmr/m/n/12 31
 []

[31]
File: geoeqint2.eps Graphic file (type eps)
 <geoeqint2.eps>
Overfull \hbox (11.74713pt too wide) has occurred while \output is active
\T1/cmr/m/n/12 32 []
 []

[32]
Underfull \vbox (badness 2205) has occurred while \output is active []


Overfull \hbox (11.74713pt too wide) has occurred while \output is active
[] \T1/cmr/m/n/12 33
 []

[33]
Overfull \hbox (11.74713pt too wide) has occurred while \output is active
\T1/cmr/m/n/12 34 []
 []

[34]
Overfull \hbox (11.74713pt too wide) has occurred while \output is active
[] \T1/cmr/m/n/12 35
 []

[35]
Overfull \hbox (6.77121pt too wide) in paragraph at lines 216--223
\OMS/cmsy/m/n/12 ^^O$ \T1/cmr/m/n/12 Le do-maine mo-dal $\OT1/cmr/m/n/12 
[]$ \T1/cmr/m/n/12 est borné \T1/cmr/m/it/12 via \T1/cmr/m/n/12 l'in-tro-duc-ti
on de l'opé-ra-teur Dirichlet-Neumann
 []


Underfull \vbox (badness 10000) has occurred while \output is active []


Overfull \hbox (11.74713pt too wide) has occurred while \output is active
\T1/cmr/m/n/12 36 []
 []

[36]
File: acti2rnormaleinversee.eps Graphic file (type eps)
 <acti2rnormaleinversee.eps>
Overfull \hbox (11.74713pt too wide) has occurred while \output is active
[] \T1/cmr/m/n/12 37
 []

[37]
Overfull \hbox (11.74713pt too wide) has occurred while \output is active
\T1/cmr/m/n/12 38 []
 []

[38]
File: nacellenum.eps Graphic file (type eps)
 <nacellenum.eps>
Underfull \vbox (badness 2334) has occurred while \output is active []


Overfull \hbox (11.74713pt too wide) has occurred while \output is active
[] \T1/cmr/m/n/12 39
 []

[39]
Overfull \hbox (1.83394pt too wide) in paragraph at lines 423--435
\T1/cmr/m/n/12 La fonc-tion $\OML/cmm/m/it/12 p[] \OMS/cmsy/m/n/12 2 \OML/cmm/m
/it/12 H[] []$ \T1/cmr/m/n/12 est ap-pro-chée par des élé-ments fi-nis conti-nu
s, $\OML/cmm/m/it/12 H[]$\T1/cmr/m/n/12 -conformes
 []


Overfull \hbox (11.74713pt too wide) has occurred while \output is active
\T1/cmr/m/n/12 40 []
 []

[40]
Overfull \hbox (11.74713pt too wide) has occurred while \output is active
[] \T1/cmr/m/n/12 41
 []

[41]
Overfull \hbox (11.74713pt too wide) has occurred while \output is active
\T1/cmr/m/n/12 42 []
 []

[42]
Overfull \hbox (11.74713pt too wide) has occurred while \output is active
[] \T1/cmr/m/n/12 43
 []

[43]
Overfull \hbox (25.20052pt too wide) detected at line 610
[]\OML/cmm/m/it/12 ;
 []


Overfull \hbox (11.35522pt too wide) detected at line 631
[]
 []


Overfull \hbox (18.98285pt too wide) detected at line 655
[]
 []


Overfull \hbox (11.74713pt too wide) has occurred while \output is active
\T1/cmr/m/n/12 44 []
 []

[44]) (./numreguliere.tex
Overfull \hbox (11.74713pt too wide) has occurred while \output is active
[] \T1/cmr/m/n/12 45
 []

[45]
File: nacellenumtrois.eps Graphic file (type eps)
 <nacellenumtrois.eps>
Overfull \hbox (11.74713pt too wide) has occurred while \output is active
\T1/cmr/m/n/12 46 []
 []

[46]
Overfull \hbox (1.35173pt too wide) detected at line 55
\OML/cmm/m/it/12 G[] \OT1/cmr/m/n/12 = [] \OML/cmm/m/it/12 w[]\OT1/cmr/m/n/12 (
\OML/cmm/m/it/12 pG[]\OT1/cmr/m/n/12 )(\OML/cmm/m/it/12 t[]\OT1/cmr/m/n/12 )[] 
[] \OML/cmm/m/it/12 w[]\OT1/cmr/m/n/12 (\OML/cmm/m/it/12 pG[]\OT1/cmr/m/n/12 )[
](\OML/cmm/m/it/12 m^^R\OT1/cmr/m/n/12 ) [](\OML/cmm/m/it/12 t[]\OT1/cmr/m/n/12
 )[]\OML/cmm/m/it/12 w[]\OT1/cmr/m/n/12 (\OML/cmm/m/it/12 pG[]\OT1/cmr/m/n/12 )
[][]
 []


Overfull \hbox (11.74713pt too wide) has occurred while \output is active
[] \T1/cmr/m/n/12 47
 []

[47])) (./ondesavecheterogeneite.tex (./troiscouplages.tex
Overfull \hbox (11.74713pt too wide) has occurred while \output is active
\T1/cmr/m/n/12 48 []
 []

[48]
Chapitre 4.
File: geoeqint2avecheterogeneite.eps Graphic file (type eps)
<geoeqint2avecheterogeneite.eps> [49

]
Overfull \hbox (11.74713pt too wide) has occurred while \output is active
\T1/cmr/m/n/12 50 []
 []

[50]
Overfull \hbox (1.46773pt too wide) detected at line 121
[] \OML/cmm/m/it/12 ;
 []


Overfull \hbox (11.74713pt too wide) has occurred while \output is active
[] \T1/cmr/m/n/12 51
 []

[51]
File: couplageess.eps Graphic file (type eps)
 <couplageess.eps>
File: ondeavecheterogeneitedeux.eps Graphic file (type eps)
 <ondeavecheterogeneitedeux.eps>
Underfull \vbox (badness 10000) has occurred while \output is active []


Overfull \hbox (11.74713pt too wide) has occurred while \output is active
\T1/cmr/m/n/12 52 []
 []

[52]
Overfull \hbox (8.42659pt too wide) in paragraph at lines 157--163
\T1/cmr/m/n/12 tion comme les an-ciens do-maines tri-di-men-sion-nels ($\OT1/cm
r/m/n/12 
[]\OML/cmm/m/it/12 ;  \OT1/cmr/m/n/12 
\OML/cmm/m/it/12 ;  \OT1/cmr/m/n/12 
[]\OML/cmm/m/it/12 ;  \OT1/cmr/m/n/12 
[] = [] \OMS/cmsy/m/n/12 n\OML/cmm/m/it/12 @\OT1/cmr/m/n/12 
[] \OMS/cmsy/m/n/12 ^^Z
 []


Overfull \hbox (19.18059pt too wide) detected at line 185
[]
 []


Overfull \hbox (11.74713pt too wide) has occurred while \output is active
[] \T1/cmr/m/n/12 53
 []

[53]
Overfull \hbox (12.23097pt too wide) detected at line 210
[]
 []


Overfull \hbox (11.74713pt too wide) has occurred while \output is active
\T1/cmr/m/n/12 54 []
 []

[54]
Overfull \hbox (36.71297pt too wide) detected at line 262
[]
 []


Underfull \vbox (badness 2698) has occurred while \output is active []


Overfull \hbox (11.74713pt too wide) has occurred while \output is active
[] \T1/cmr/m/n/12 55
 []

[55])) (./ecoulementpotentiel.tex (./mecaflu.tex
Overfull \hbox (11.74713pt too wide) has occurred while \output is active
\T1/cmr/m/n/12 56 []
 []

[56]
Overfull \hbox (11.74713pt too wide) has occurred while \output is active
[] \T1/cmr/m/n/12 57
 []

[57]
Overfull \hbox (11.74713pt too wide) has occurred while \output is active
\T1/cmr/m/n/12 58 []
 []

[58]
File: debvit.eps Graphic file (type eps)
 <debvit.eps>
Overfull \hbox (11.74713pt too wide) has occurred while \output is active
[] \T1/cmr/m/n/12 59
 []

[59]
File: densifoncconvvisu.eps Graphic file (type eps)
 <densifoncconvvisu.eps>
Overfull \hbox (11.74713pt too wide) has occurred while \output is active
\T1/cmr/m/n/12 60 []
 []

[60]
Overfull \hbox (11.74713pt too wide) has occurred while \output is active
[] \T1/cmr/m/n/12 61
 []

[61]
Overfull \hbox (15.4107pt too wide) detected at line 241
[]
 []


Overfull \hbox (11.74713pt too wide) has occurred while \output is active
\T1/cmr/m/n/12 62 []
 []

[62]
Overfull \hbox (0.9107pt too wide) detected at line 280
\OMS/cmsy/m/n/12 9\OML/cmm/m/it/12 C[] > \OT1/cmr/m/n/12 0\OML/cmm/m/it/12 ;  \
OMS/cmsy/m/n/12 8\OML/cmm/m/it/12   \OMS/cmsy/m/n/12 2 \OML/cmm/m/it/12 H[]\OT1
/cmr/m/n/12 (
)\OML/cmm/m/it/12 =\U/msb/m/n/12 R\OML/cmm/m/it/12 ;  ^^^[] \OT1/cmr/m/n/12 + \
OML/cmm/m/it/12   \OMS/cmsy/m/n/12 2 \OML/cmm/m/it/12 K[];  []J\OT1/cmr/m/n/12 
(\OML/cmm/m/it/12 ^^^[] \OT1/cmr/m/n/12 + \OML/cmm/m/it/12  \OT1/cmr/m/n/12 )(\
OML/cmm/m/it/12  \OT1/cmr/m/n/12 ) \OMS/cmsy/m/n/12 ^^@ []\OML/cmm/m/it/12 J\OT
1/cmr/m/n/12 (\OML/cmm/m/it/12 ^^^[]\OT1/cmr/m/n/12 )(\OML/cmm/m/it/12  \OT1/cm
r/m/n/12 ) \OMS/cmsy/m/n/12 ^^U \OML/cmm/m/it/12 C[]\OMS/cmsy/m/n/12 jj\OML/cmm
/m/it/12  \OMS/cmsy/m/n/12 jj[]
 []


Overfull \hbox (11.74713pt too wide) has occurred while \output is active
[] \T1/cmr/m/n/12 63
 []

[63]
Overfull \hbox (11.74713pt too wide) has occurred while \output is active
\T1/cmr/m/n/12 64 []
 []

[64]
Overfull \hbox (22.1084pt too wide) detected at line 380
\OML/cmm/m/it/12 C[]\OMS/cmsy/m/n/12 jj\OML/cmm/m/it/12 ^^^[] \OMS/cmsy/m/n/12 
^^@ \OML/cmm/m/it/12 ^^^[]\OMS/cmsy/m/n/12 jj[] ^^T \OML/cmm/m/it/12 B\OT1/cmr/
m/n/12 (\OML/cmm/m/it/12 ^^^[]\OT1/cmr/m/n/12 ; \OML/cmm/m/it/12 ^^^[] \OMS/cms
y/m/n/12 ^^@ \OML/cmm/m/it/12 ^^^[]; ^^^[] \OMS/cmsy/m/n/12 ^^@ \OML/cmm/m/it/1
2 ^^^[]\OT1/cmr/m/n/12 ) + \OML/cmm/m/it/12 B\OT1/cmr/m/n/12 (\OML/cmm/m/it/12 
^^^[]; ^^^[]; ^^^[] \OMS/cmsy/m/n/12 ^^@ \OML/cmm/m/it/12 ^^^[]\OT1/cmr/m/n/12 
)+ \OML/cmm/m/it/12 < q; ^^^[] \OMS/cmsy/m/n/12 ^^@ \OML/cmm/m/it/12 ^^^[] >;
 []


Overfull \hbox (11.74713pt too wide) has occurred while \output is active
[] \T1/cmr/m/n/12 65
 []

[65]
Overfull \hbox (11.74713pt too wide) has occurred while \output is active
\T1/cmr/m/n/12 66 []
 []

[66]
File: castestfluide.eps Graphic file (type eps)
 <castestfluide.eps>
File: convergencepointfixe.eps Graphic file (type eps)
 <convergencepointfixe.eps>
Underfull \vbox (badness 1253) has occurred while \output is active []


Overfull \hbox (11.74713pt too wide) has occurred while \output is active
[] \T1/cmr/m/n/12 67
 []

[67]) (./acoussurecoul.tex
Overfull \hbox (11.74713pt too wide) has occurred while \output is active
\T1/cmr/m/n/12 68 []
 []

[68]
Overfull \hbox (11.74713pt too wide) has occurred while \output is active
[] \T1/cmr/m/n/12 69
 []

[69]
Overfull \hbox (1.52536pt too wide) detected at line 80
[] \OML/cmm/m/it/12 ;
 []

) (./modetheorie.tex
Overfull \hbox (11.74713pt too wide) has occurred while \output is active
\T1/cmr/m/n/12 70 []
 []

[70]
Overfull \hbox (8.21323pt too wide) in paragraph at lines 10--13
\T1/cmr/m/n/12 pro-blème. L'opé-ra-teur Dirichlet-Neumann mo-dal $\OML/cmm/m/it
/12 T[]$ \T1/cmr/m/n/12 se dé-fi-nit à l'aide des constantes
 []


Overfull \hbox (9.13112pt too wide) in paragraph at lines 35--38
\T1/cmr/m/n/12 à l'aide des constantes pro-pa-ga-tives axiales $\OML/cmm/m/it/1
2 ^^L[]$ \T1/cmr/m/n/12 dé-fi-nies en (2.6[]). L'opé-ra-teur Dirichlet-
 []


Overfull \hbox (11.74713pt too wide) has occurred while \output is active
[] \T1/cmr/m/n/12 71
 []

[71]
Overfull \hbox (11.74713pt too wide) has occurred while \output is active
\T1/cmr/m/n/12 72 []
 []

[72]) (./unicitesommerfeld.tex
File: lorentzavecheterogeneiteecoulement.eps Graphic file (type eps)
 <lorentzavecheterogeneiteecoulement.eps>
Overfull \hbox (11.74713pt too wide) has occurred while \output is active
[] \T1/cmr/m/n/12 73
 []

[73]
Overfull \hbox (11.74713pt too wide) has occurred while \output is active
\T1/cmr/m/n/12 74 []
 []

[74]
Overfull \hbox (3.032pt too wide) in paragraph at lines 102--106
\T1/cmr/m/it/12 nel $[] \OMS/cmsy/m/n/12 n []$ \T1/cmr/m/it/12 vé-ri-fie l'équa
-tion aux dé-ri-vées par-tielles el-lip-tique $\OML/cmm/m/it/12 A[] [] \OT1/cmr
/m/n/12 =
 []


Overfull \hbox (11.74713pt too wide) has occurred while \output is active
[] \T1/cmr/m/n/12 75
 []

[75]
Underfull \vbox (badness 10000) has occurred while \output is active []


Overfull \hbox (11.74713pt too wide) has occurred while \output is active
\T1/cmr/m/n/12 76 []
 []

[76]
Overfull \hbox (11.74713pt too wide) has occurred while \output is active
[] \T1/cmr/m/n/12 77
 []

[77]
Overfull \hbox (11.74713pt too wide) has occurred while \output is active
\T1/cmr/m/n/12 78 []
 []

[78]
Overfull \hbox (11.74713pt too wide) has occurred while \output is active
[] \T1/cmr/m/n/12 79
 []

[79]) (./reductionborneetexistence.tex
Overfull \hbox (11.74713pt too wide) has occurred while \output is active
\T1/cmr/m/n/12 80 []
 []

[80]
Overfull \hbox (5.92357pt too wide) detected at line 33
[]
 []


Overfull \hbox (11.74713pt too wide) has occurred while \output is active
[] \T1/cmr/m/n/12 81
 []

[81]
Overfull \hbox (11.74713pt too wide) has occurred while \output is active
\T1/cmr/m/n/12 82 []
 []

[82]
Overfull \hbox (17.23679pt too wide) detected at line 131
[]
 []


Overfull \hbox (11.74713pt too wide) has occurred while \output is active
[] \T1/cmr/m/n/12 83
 []

[83]
Overfull \hbox (7.57567pt too wide) detected at line 193
\OMS/cmsy/m/n/12 jj\OML/cmm/m/it/12 C[]\OT1/cmr/m/n/12 (\OML/cmm/m/it/12 ^^^[]\
OT1/cmr/m/n/12 ) \OMS/cmsy/m/n/12 ^^@ \OML/cmm/m/it/12 C[]\OT1/cmr/m/n/12 (\OML
/cmm/m/it/12 ^^^[]\OT1/cmr/m/n/12 )\OMS/cmsy/m/n/12 jj[] ^^T jj\OML/cmm/m/it/12
 g[]\OMS/cmsy/m/n/12 jj[]jj\OML/cmm/m/it/12 ^^^[] \OMS/cmsy/m/n/12 ^^@ \OML/cmm
/m/it/12 ^^^[]\OMS/cmsy/m/n/12 jj[]jj\OML/cmm/m/it/12 C[]\OT1/cmr/m/n/12 (\OML/
cmm/m/it/12 ^^^[]\OT1/cmr/m/n/12 ) \OMS/cmsy/m/n/12 ^^@ \OML/cmm/m/it/12 C[]\OT
1/cmr/m/n/12 (\OML/cmm/m/it/12 ^^^[]\OT1/cmr/m/n/12 )\OMS/cmsy/m/n/12 jj[]
 []

) (./pareilenaxi.tex
Overfull \hbox (11.74713pt too wide) has occurred while \output is active
\T1/cmr/m/n/12 84 []
 []

[84]
Overfull \hbox (11.74713pt too wide) has occurred while \output is active
[] \T1/cmr/m/n/12 85
 []

[85]
Overfull \hbox (1.98349pt too wide) detected at line 60
[]
 []

) (./couplagemodalvolumique.tex
File: modalrelevementelementpresentation.eps Graphic file (type eps)
 <modalrelevementelementpresentation.eps>
Overfull \hbox (11.74713pt too wide) has occurred while \output is active
\T1/cmr/m/n/12 86 []
 []

[86]
Overfull \hbox (11.74713pt too wide) has occurred while \output is active
[] \T1/cmr/m/n/12 87
 []

[87]
Overfull \hbox (4.94632pt too wide) in paragraph at lines 84--86
\T1/cmr/m/n/12 L'implémentation des ma-trices de cou-plage se tra-duit par un p
ro-duit matrice-vecteur : 
 []


Underfull \vbox (badness 1259) has occurred while \output is active []


Overfull \hbox (11.74713pt too wide) has occurred while \output is active
\T1/cmr/m/n/12 88 []
 []

[88]) (./implementationnumeriquecouplageintegral.tex
Overfull \hbox (11.74713pt too wide) has occurred while \output is active
[] \T1/cmr/m/n/12 89
 []

[89]
Overfull \hbox (33.74164pt too wide) detected at line 26
[]
 []


Overfull \hbox (11.74713pt too wide) has occurred while \output is active
\T1/cmr/m/n/12 90 []
 []

[90]
Overfull \hbox (11.74713pt too wide) has occurred while \output is active
[] \T1/cmr/m/n/12 91
 []

[91]
File: couplageess.eps Graphic file (type eps)
 <couplageess.eps>
Underfull \vbox (badness 2529) has occurred while \output is active []


Overfull \hbox (11.74713pt too wide) has occurred while \output is active
\T1/cmr/m/n/12 92 []
 []

[92]
File: couplageessecoul.eps Graphic file (type eps)
 <couplageessecoul.eps>
Overfull \hbox (11.74713pt too wide) has occurred while \output is active
[] \T1/cmr/m/n/12 93
 []

[93])) (./numeriqueglobal.tex (./singulariteaxiale.tex
Underfull \hbox (badness 10000) in paragraph at lines 173--1

 []


Overfull \hbox (11.74713pt too wide) has occurred while \output is active
\T1/cmr/m/n/12 94 []
 []

[94]
Chapitre 5.

Underfull \hbox (badness 10000) in paragraph at lines 16--21

 []


Underfull \hbox (badness 10000) in paragraph at lines 16--21

 []


Underfull \hbox (badness 10000) in paragraph at lines 16--21

 []


Underfull \hbox (badness 10000) in paragraph at lines 16--21

 []


Underfull \hbox (badness 10000) in paragraph at lines 16--21

 []


Underfull \hbox (badness 10000) in paragraph at lines 16--21

 []

[95

]
Overfull \hbox (1.3158pt too wide) in paragraph at lines 22--24
[]\T1/cmr/m/n/12 Pour le cas de l'équa-tion de Helm-holtz ho-mo-gène, une pre-m
ière mé-thode consiste
 []

File: dessinsinguaxiale.eps Graphic file (type eps)
<dessinsinguaxiale.eps>
Underfull \vbox (badness 1590) has occurred while \output is active []


Overfull \hbox (11.74713pt too wide) has occurred while \output is active
\T1/cmr/m/n/12 96 []
 []

[96]
Overfull \hbox (11.74713pt too wide) has occurred while \output is active
[] \T1/cmr/m/n/12 97
 []

[97]
Overfull \hbox (11.74713pt too wide) has occurred while \output is active
\T1/cmr/m/n/12 98 []
 []

[98]
Overfull \hbox (11.74713pt too wide) has occurred while \output is active
[] \T1/cmr/m/n/12 99
 []

[99]
File: isoetzoom.eps Graphic file (type eps)
 <isoetzoom.eps>

LaTeX Font Warning: Command \footnotesize invalid in math mode on input line 15
6.


LaTeX Font Warning: Command \footnotesize invalid in math mode on input line 15
6.

File: isoetconv.eps Graphic file (type eps)
<isoetconv.eps>
Overfull \hbox (17.6207pt too wide) has occurred while \output is active
\T1/cmr/m/n/12 100 []
 []

[100]

LaTeX Font Warning: Command \footnotesize invalid in math mode on input line 16
3.


LaTeX Font Warning: Command \footnotesize invalid in math mode on input line 16
3.

File: courbeconvergence.eps Graphic file (type eps)
<courbeconvergence.eps>

LaTeX Font Warning: Command \footnotesize invalid in math mode on input line 17
1.


LaTeX Font Warning: Command \footnotesize invalid in math mode on input line 17
1.


Overfull \hbox (17.6207pt too wide) has occurred while \output is active
[] \T1/cmr/m/n/12 101
 []

[101]) (./conditionderobin.tex
Overfull \hbox (1.3235pt too wide) in paragraph at lines 5--6
\T1/cmr/m/n/12 Dans l'es-pace trans-formé de Lo-rentz, le po-ten-tiel acous-tiq
ue trans-formé vé-ri-fie l'équa-
 []

) (./harmonspherique.tex
Overfull \hbox (17.6207pt too wide) has occurred while \output is active
\T1/cmr/m/n/12 102 []
 []

[102]
File: castestharmo.eps Graphic file (type eps)
 <castestharmo.eps>
Overfull \hbox (2.22458pt too wide) detected at line 25
[] \OML/cmm/m/it/12 ;
 []


Overfull \hbox (17.6207pt too wide) has occurred while \output is active
[] \T1/cmr/m/n/12 103
 []

[103]
Overfull \hbox (17.6207pt too wide) has occurred while \output is active
\T1/cmr/m/n/12 104 []
 []

[104]
File: analsphersansecoulfinal.eps Graphic file (type eps)
 <analsphersansecoulfinal.eps>
Overfull \hbox (17.6207pt too wide) has occurred while \output is active
[] \T1/cmr/m/n/12 105
 []

[105]
File: analspherecoulfinal.eps Graphic file (type eps)
 <analspherecoulfinal.eps>
File: analspherhautefrequence.eps Graphic file (type eps)
 <analspherhautefrequence.eps>)
(./conduitmodal.tex
Overfull \hbox (17.6207pt too wide) has occurred while \output is active
\T1/cmr/m/n/12 106 []
 []

[106]
File: castestmodaldeux.eps Graphic file (type eps)
 <castestmodaldeux.eps>
Underfull \vbox (badness 1242) has occurred while \output is active []


Overfull \hbox (17.6207pt too wide) has occurred while \output is active
[] \T1/cmr/m/n/12 107
 []

[107]
Overfull \hbox (17.6207pt too wide) has occurred while \output is active
\T1/cmr/m/n/12 108 []
 []

[108]
Overfull \hbox (17.6207pt too wide) has occurred while \output is active
[] \T1/cmr/m/n/12 109
 []

[109]
File: conduitmodal.eps Graphic file (type eps)
 <conduitmodal.eps>
Overfull \hbox (17.6207pt too wide) has occurred while \output is active
\T1/cmr/m/n/12 110 []
 []

[110]) (./vrainumerique.tex
File: problemetotaldeux.eps Graphic file (type eps)
 <problemetotaldeux.eps>
Overfull \hbox (17.6207pt too wide) has occurred while \output is active
[] \T1/cmr/m/n/12 111
 []

[111]
Overfull \hbox (17.6207pt too wide) has occurred while \output is active
\T1/cmr/m/n/12 112 []
 []

[112]
Overfull \hbox (17.6207pt too wide) has occurred while \output is active
[] \T1/cmr/m/n/12 113
 []

[113]
Overfull \hbox (17.6207pt too wide) has occurred while \output is active
\T1/cmr/m/n/12 114 []
 []

[114]
File: machfinal.eps Graphic file (type eps)
 <machfinal.eps>
Overfull \hbox (17.6207pt too wide) has occurred while \output is active
[] \T1/cmr/m/n/12 115
 []

[115]
File: visufinalquatredeux.eps Graphic file (type eps)
 <visufinalquatredeux.eps>
Overfull \hbox (17.6207pt too wide) has occurred while \output is active
\T1/cmr/m/n/12 116 []
 []

[116]
File: visufinalquatretrois.eps Graphic file (type eps)
 <visufinalquatretrois.eps>
File: comp0100finaldeux.eps Graphic file (type eps)
 <comp0100finaldeux.eps>
Overfull \hbox (17.6207pt too wide) has occurred while \output is active
[] \T1/cmr/m/n/12 117
 []

[117]
Overfull \hbox (17.6207pt too wide) has occurred while \output is active
\T1/cmr/m/n/12 118 []
 []

[118]
File: intensiteminfzerodeux.eps Graphic file (type eps)
 <intensiteminfzerodeux.eps>
File: intensitedebminfzerodeux.eps Graphic file (type eps)
 <intensitedebminfzerodeux.eps>
Overfull \hbox (17.6207pt too wide) has occurred while \output is active
[] \T1/cmr/m/n/12 119
 []

[119]
File: intensiteminfzeroundeux.eps Graphic file (type eps)
 <intensiteminfzeroundeux.eps>
File: intensitedebminfzeroundeux.eps Graphic file (type eps)
 <intensitedebminfzeroundeux.eps>
Underfull \vbox (badness 1052) has occurred while \output is active []


Overfull \hbox (17.6207pt too wide) has occurred while \output is active
\T1/cmr/m/n/12 120 []
 []

[120]
Underfull \vbox (badness 1859) has occurred while \output is active []


Overfull \hbox (17.6207pt too wide) has occurred while \output is active
[] \T1/cmr/m/n/12 121
 []

[121]
Overfull \hbox (6.5947pt too wide) detected at line 210
[]\OML/cmm/m/it/12 ;
 []

File: rayonnementmach0.eps Graphic file (type eps)
<rayonnementmach0.eps>
Underfull \vbox (badness 2884) has occurred while \output is active []


Overfull \hbox (17.6207pt too wide) has occurred while \output is active
\T1/cmr/m/n/12 122 []
 []

[122]
File: rayonnementmach01deux.eps Graphic file (type eps)
 <rayonnementmach01deux.eps>
Underfull \vbox (badness 5175) has occurred while \output is active []


Overfull \hbox (17.6207pt too wide) has occurred while \output is active
[] \T1/cmr/m/n/12 123
 []

[123]
File: heterfludeuxdeux.eps Graphic file (type eps)
 <heterfludeuxdeux.eps>
File: resultatsm1n012345kR60.eps Graphic file (type eps)
 <resultatsm1n012345kR60.eps>
Overfull \hbox (17.6207pt too wide) has occurred while \output is active
\T1/cmr/m/n/12 124 []
 []

[124]))
Overfull \hbox (17.6207pt too wide) has occurred while \output is active
[] \T1/cmr/m/n/12 125
 []

[125] (./Conclusionthesis.tex)
Underfull \hbox (badness 10000) in paragraph at lines 4--75

 []


Overfull \hbox (3.70735pt too wide) in paragraph at lines 4--75
\T1/cmr/m/n/14.4 Ce cou-plage est ori-gi-nal dans son im-plé-men-ta-tion. Ces p
rin-ci-paux concur-
 []


Underfull \hbox (badness 10000) in paragraph at lines 4--75

 []


Underfull \hbox (badness 10000) in paragraph at lines 4--75

 []


Underfull \hbox (badness 10000) in paragraph at lines 4--75

 []


Overfull \hbox (17.6207pt too wide) has occurred while \output is active
\T1/cmr/m/n/12 126 []
 []

[126]
Overfull \hbox (17.6207pt too wide) has occurred while \output is active
[] \T1/cmr/m/n/12 127
 []

[127] [128

] [129]
Overfull \hbox (17.6207pt too wide) has occurred while \output is active
\T1/cmr/m/n/12 130 []
 []

[130]
Overfull \hbox (17.6207pt too wide) has occurred while \output is active
[] \T1/cmr/m/n/12 131
 []

[131]
Overfull \hbox (17.6207pt too wide) has occurred while \output is active
\T1/cmr/m/n/12 132 []
 []

[132] (./mainthesis0506.aux)

LaTeX Warning: There were multiply-defined labels.

 ) 
Here is how much of TeX's memory you used:
 3418 strings out of 95370
 45761 string characters out of 1188186
 104689 words of memory out of 1000001
 6278 multiletter control sequences out of 10000+50000
 28893 words of font info for 79 fonts, out of 500000 for 1000
 198 hyphenation exceptions out of 1000
 29i,27n,43p,1605b,396s stack positions out of 1500i,500n,5000p,200000b,5000s

Output written on mainthesis0506.dvi (132 pages, 539256 bytes).
