This is pdfTeX, Version 3.1415926-1.40.9 (MiKTeX 2.7) (preloaded format=latex 2009.6.25)  6 FEB 2010 20:09
entering extended mode
**PRESENTATIONECONOMETRIE.TEX
(PRESENTATIONECONOMETRIE.TEX
LaTeX2e <2005/12/01>
Babel <v3.8l> and hyphenation patterns for english, dumylang, nohyphenation, ge
rman, ngerman, german-x-2008-06-18, ngerman-x-2008-06-18, french, loaded.
("C:\Program Files\MiKTeX 2.7\tex\latex\seminar\seminar.cls"
Document Class: seminar 2008/10/15, 1.5
Document Style: `seminar' v1.5 <2008/10/15> (tvz)
\slidewidth=\dimen102
\slideheight=\dimen103
\footheight=\dimen104
("C:\Program Files\MiKTeX 2.7\tex\latex\base\article.cls"
Document Class: article 2005/09/16 v1.4f Standard LaTeX document class
("C:\Program Files\MiKTeX 2.7\tex\latex\base\size10.clo"
File: size10.clo 2005/09/16 v1.4f Standard LaTeX file (size option)
)
\c@part=\count79
\c@section=\count80
\c@subsection=\count81
\c@subsubsection=\count82
\c@paragraph=\count83
\c@subparagraph=\count84
\c@figure=\count85
\c@table=\count86
\abovecaptionskip=\skip41
\belowcaptionskip=\skip42
\bibindent=\dimen105
)
("C:\Program Files\MiKTeX 2.7\tex\latex\seminar\sem-page.sty")
\before@document=\toks14
\after@document=\toks15
\before@enddocument=\toks16
\c@slide=\count87
\slide@count=\count88
\@slidebox=\box26
\not@slidebox=\box27
\slide@hook=\toks17
\after@slide=\toks18
\slide@footins=\insert233
\slide@listdepth=\count89
\saved@specials=\box28
\before@newslide=\toks19
\after@slidepage=\toks20
\slidesep=\skip43
\c@note=\count90
\slideframewidth=\dimen106
\slideframesep=\dimen107
\semin=\dimen108
\semcm=\dimen109
)
("C:\Program Files\MiKTeX 2.7\tex\latex\pstricks\pstcol.sty"
Package: pstcol 2007/04/11 v1.3 LaTeX wrapper for `PSTricks' (RN,HV)


Package pstcol Warning: ************************************ 
(pstcol)                The package `pstcol' is obsolet! 
(pstcol)                You should use `pstricks' directly: 
(pstcol)                    \usepackage{pstricks}
(pstcol)                ************************************.

("C:\Program Files\MiKTeX 2.7\tex\latex\pstricks\pstricks.sty"
Package: pstricks 2008/10/31 v0.39 LaTeX wrapper for `PSTricks' (RN,HV)

("C:\Program Files\MiKTeX 2.7\tex\generic\pstricks\pstricks.tex"
`PSTricks' v1.26  <2008/07/31> (tvz)
\pst@dima=\dimen110
\pst@dimb=\dimen111
\pst@dimc=\dimen112
\pst@dimd=\dimen113
\pst@dimg=\dimen114
\pst@dimh=\dimen115
\pst@hbox=\box29
\pst@boxg=\box30
\pst@cnta=\count91
\pst@cntb=\count92
\pst@cntc=\count93
\pst@cntd=\count94
\pst@cntg=\count95
\pst@cnth=\count96
\pst@toks=\toks21
("C:\Program Files\MiKTeX 2.7\tex\generic\pstricks\pstricks.con")
\psunit=\dimen116
\psxunit=\dimen117
\psyunit=\dimen118
\pslinewidth=\dimen119
\pst@customdefs=\toks22
\pslinearc=\dimen120
\everypsbox=\toks23
\psframesep=\dimen121
\pslabelsep=\dimen122
\pst@shift=\dimen123
\theoverlaybox=\box31
)
File: pstricks.tex 2008/07/31 v1.26 `PSTricks' (tvz)

("C:\Program Files\MiKTeX 2.7\tex\latex\graphics\color.sty"
Package: color 2005/11/14 v1.0j Standard LaTeX Color (DPC)

("C:\Program Files\MiKTeX 2.7\tex\latex\00miktex\color.cfg"
File: color.cfg 2007/01/18 v1.5 color configuration of teTeX/TeXLive
)
Package color Info: Driver file: dvips.def on input line 130.

("C:\Program Files\MiKTeX 2.7\tex\latex\graphics\dvips.def"
File: dvips.def 1999/02/16 v3.0i Driver-dependant file (DPC,SPQR)
)
("C:\Program Files\MiKTeX 2.7\tex\latex\graphics\dvipsnam.def"
File: dvipsnam.def 1999/02/16 v3.0i Driver-dependant file (DPC,SPQR)
)
Package color Info: Redefining color black on input line 164.
Package color Info: Redefining color white on input line 165.
Package color Info: Redefining color red on input line 168.
Package color Info: Redefining color green on input line 169.
Package color Info: Redefining color blue on input line 170.
Package color Info: Redefining color cyan on input line 173.
Package color Info: Redefining color magenta on input line 174.
Package color Info: Redefining color yellow on input line 175.
)
Package color Info: Redefining color darkgray on input line 155.
Package color Info: Redefining color gray on input line 155.
Package color Info: Redefining color lightgray on input line 155.
Package color Info: Redefining color black on input line 188.
Package color Info: Redefining color darkgray on input line 189.
Package color Info: Redefining color gray on input line 190.
Package color Info: Redefining color lightgray on input line 191.
Package color Info: Redefining color white on input line 192.
Package color Info: Redefining color red on input line 193.
Package color Info: Redefining color green on input line 194.
Package color Info: Redefining color blue on input line 195.
Package color Info: Redefining color yellow on input line 199.
Package color Info: Redefining color cyan on input line 200.
Package color Info: Redefining color magenta on input line 201.
))
("C:\Program Files\MiKTeX 2.7\tex\latex\seminar\semcolor.sty"
Style Option: `semcolor' for doc style `seminar' 1.01 <2004/05/18> (tvz)
File: semcolor.sty 2004/05/18 v1.01 (tvz)
) ("C:\Program Files\MiKTeX 2.7\tex\latex\seminar\slidesec.sty"
File `slidesec.sty' v0.9  92/05/07  <tvz>
\@temptokenb=\toks24
\c@slidesection=\count97
\c@slidesubsection=\count98
) ("C:\Program Files\MiKTeX 2.7\tex\latex\seminar\seminar.bug")
("C:\Program Files\MiKTeX 2.7\tex\latex\seminar\seminar.bg2"
seminar.bg2: various corrections for the Seminar document class
added since seminar.bug and few add-ons for overlays
(Version 2.1 of <May 31, 2002> (D.G.))
\Seminar@SlideBoxBackground=\box32
) ("C:\Program Files\MiKTeX 2.7\tex\latex\seminar\semhelv.sty"
Style Option: `semhelv' for the `seminar' doc style 1.4 <2000/05/08> (tvz)
Modified by Stefan (see source for details)
LaTeX Font Info:    Font shape `OT1/helvetica/m/n' will be
(Font)              scaled to size 8.20007pt on input line 186.
) ("C:\Program Files\MiKTeX 2.7\tex\latex\subfigure\subfigure.sty"
Package: subfigure 2002/07/30 v2.1.4 subfigure package
\subfigtopskip=\skip44
\subfigcapskip=\skip45
\subfigcaptopadj=\dimen124
\subfigbottomskip=\skip46
\subfigcapmargin=\dimen125
\subfiglabelskip=\skip47
\c@subfigure=\count99
\c@lofdepth=\count100
\c@subtable=\count101
\c@lotdepth=\count102

****************************************
* Local config file subfigure.cfg used *
****************************************
("C:\Program Files\MiKTeX 2.7\tex\latex\subfigure\subfigure.cfg")
\subfig@top=\skip48
\subfig@bottom=\skip49
)
("C:\Program Files\MiKTeX 2.7\tex\latex\base\inputenc.sty"
Package: inputenc 2006/05/05 v1.1b Input encoding file
\inpenc@prehook=\toks25
\inpenc@posthook=\toks26

("C:\Program Files\MiKTeX 2.7\tex\latex\base\latin1.def"
File: latin1.def 2006/05/05 v1.1b Input encoding file
))
("C:\Program Files\MiKTeX 2.7\tex\latex\base\fontenc.sty"
Package: fontenc 2005/09/27 v1.99g Standard LaTeX package

("C:\Program Files\MiKTeX 2.7\tex\latex\base\t1enc.def"
File: t1enc.def 2005/09/27 v1.99g Standard LaTeX file
LaTeX Font Info:    Redeclaring font encoding T1 on input line 43.
)
LaTeX Font Info:    Font shape `T1/helvetica/m/n' will be
(Font)              scaled to size 8.20007pt on input line 100.
)
("C:\Program Files\MiKTeX 2.7\tex\latex\psnfss\times.sty"
Package: times 2005/04/12 PSNFSS-v9.2a (SPQR) 
)
("C:\Program Files\MiKTeX 2.7\tex\latex\tools\longtable.sty"
Package: longtable 2004/02/01 v4.11 Multi-page Table package (DPC)
\LTleft=\skip50
\LTright=\skip51
\LTpre=\skip52
\LTpost=\skip53
\LTchunksize=\count103
\LTcapwidth=\dimen126
\LT@head=\box33
\LT@firsthead=\box34
\LT@foot=\box35
\LT@lastfoot=\box36
\LT@cols=\count104
\LT@rows=\count105
\c@LT@tables=\count106
\c@LT@chunks=\count107
\LT@p@ftn=\toks27
)
("C:\Program Files\MiKTeX 2.7\tex\latex\tools\array.sty"
Package: array 2005/08/23 v2.4b Tabular extension package (FMi)
\col@sep=\dimen127
\extrarowheight=\dimen128
\NC@list=\toks28
\extratabsurround=\skip54
\backup@length=\skip55
)
("C:\Program Files\MiKTeX 2.7\tex\latex\tools\enumerate.sty"
Package: enumerate 1999/03/05 v3.00 enumerate extensions (DPC)
\@enLab=\toks29
)
("C:\Program Files\MiKTeX 2.7\tex\latex\tools\multicol.sty"
Package: multicol 2006/05/18 v1.6g multicolumn formatting (FMi)
\c@tracingmulticols=\count108
\mult@box=\box37
\multicol@leftmargin=\dimen129
\c@unbalance=\count109
\c@collectmore=\count110
\doublecol@number=\count111
\multicoltolerance=\count112
\multicolpretolerance=\count113
\full@width=\dimen130
\page@free=\dimen131
\premulticols=\dimen132
\postmulticols=\dimen133
\multicolsep=\skip56
\multicolbaselineskip=\skip57
\partial@page=\box38
\last@line=\box39
\mult@rightbox=\box40
\mult@grightbox=\box41
\mult@gfirstbox=\box42
\mult@firstbox=\box43
\@tempa=\box44
\@tempa=\box45
\@tempa=\box46
\@tempa=\box47
\@tempa=\box48
\@tempa=\box49
\@tempa=\box50
\@tempa=\box51
\@tempa=\box52
\@tempa=\box53
\@tempa=\box54
\@tempa=\box55
\@tempa=\box56
\@tempa=\box57
\@tempa=\box58
\@tempa=\box59
\@tempa=\box60
\c@columnbadness=\count114
\c@finalcolumnbadness=\count115
\last@try=\dimen134
\multicolovershoot=\dimen135
\multicolundershoot=\dimen136
\mult@nat@firstbox=\box61
\colbreak@box=\box62
)
("C:\Program Files\MiKTeX 2.7\tex\latex\amsmath\amsmath.sty"
Package: amsmath 2000/07/18 v2.13 AMS math features
\@mathmargin=\skip58

For additional information on amsmath, use the `?' option.
("C:\Program Files\MiKTeX 2.7\tex\latex\amsmath\amstext.sty"
Package: amstext 2000/06/29 v2.01

("C:\Program Files\MiKTeX 2.7\tex\latex\amsmath\amsgen.sty"
File: amsgen.sty 1999/11/30 v2.0
\@emptytoks=\toks30
\ex@=\dimen137
))
("C:\Program Files\MiKTeX 2.7\tex\latex\amsmath\amsbsy.sty"
Package: amsbsy 1999/11/29 v1.2d
\pmbraise@=\dimen138
)
("C:\Program Files\MiKTeX 2.7\tex\latex\amsmath\amsopn.sty"
Package: amsopn 1999/12/14 v2.01 operator names
)
\inf@bad=\count116
LaTeX Info: Redefining \frac on input line 211.
\uproot@=\count117
\leftroot@=\count118
LaTeX Info: Redefining \overline on input line 307.
\classnum@=\count119
\DOTSCASE@=\count120
LaTeX Info: Redefining \ldots on input line 379.
LaTeX Info: Redefining \dots on input line 382.
LaTeX Info: Redefining \cdots on input line 467.
\Mathstrutbox@=\box63
\strutbox@=\box64
\big@size=\dimen139
LaTeX Font Info:    Redeclaring font encoding OML on input line 567.
LaTeX Font Info:    Redeclaring font encoding OMS on input line 568.
\macc@depth=\count121
\c@MaxMatrixCols=\count122
\dotsspace@=\muskip10
\c@parentequation=\count123
\dspbrk@lvl=\count124
\tag@help=\toks31
\row@=\count125
\column@=\count126
\maxfields@=\count127
\andhelp@=\toks32
\eqnshift@=\dimen140
\alignsep@=\dimen141
\tagshift@=\dimen142
\tagwidth@=\dimen143
\totwidth@=\dimen144
\lineht@=\dimen145
\@envbody=\toks33
\multlinegap=\skip59
\multlinetaggap=\skip60
\mathdisplay@stack=\toks34
LaTeX Info: Redefining \[ on input line 2666.
LaTeX Info: Redefining \] on input line 2667.
)
("C:\Program Files\MiKTeX 2.7\tex\latex\amsfonts\amssymb.sty"
Package: amssymb 2002/01/22 v2.2d

("C:\Program Files\MiKTeX 2.7\tex\latex\amsfonts\amsfonts.sty"
Package: amsfonts 2001/10/25 v2.2f
\symAMSa=\mathgroup4
\symAMSb=\mathgroup5
LaTeX Font Info:    Overwriting math alphabet `\mathfrak' in version `bold'
(Font)                  U/euf/m/n --> U/euf/b/n on input line 132.
))
("C:\Program Files\MiKTeX 2.7\tex\latex\amsfonts\eucal.sty"
Package: eucal 2001/10/01 v2.2d Euler Script fonts
LaTeX Font Info:    Overwriting math alphabet `\EuScript' in version `bold'
(Font)                  U/eus/m/n --> U/eus/b/n on input line 55.
)
("C:\Program Files\MiKTeX 2.7\tex\latex\jknappen\mathrsfs.sty"
Package: mathrsfs 1996/01/01 Math RSFS package v1.0 (jk)
\symrsfs=\mathgroup6
)
("C:\Program Files\MiKTeX 2.7\tex\latex\amscls\amsthm.sty"
Package: amsthm 2004/08/06 v2.20
\thm@style=\toks35
\thm@bodyfont=\toks36
\thm@headfont=\toks37
\thm@notefont=\toks38
\thm@headpunct=\toks39
\thm@preskip=\skip61
\thm@postskip=\skip62
\thm@headsep=\skip63
\dth@everypar=\toks40
)
("C:\Program Files\MiKTeX 2.7\tex\latex\graphics\graphicx.sty"
Package: graphicx 1999/02/16 v1.0f Enhanced LaTeX Graphics (DPC,SPQR)

("C:\Program Files\MiKTeX 2.7\tex\latex\graphics\keyval.sty"
Package: keyval 1999/03/16 v1.13 key=value parser (DPC)
\KV@toks@=\toks41
)
("C:\Program Files\MiKTeX 2.7\tex\latex\graphics\graphics.sty"
Package: graphics 2006/02/20 v1.0o Standard LaTeX Graphics (DPC,SPQR)

("C:\Program Files\MiKTeX 2.7\tex\latex\graphics\trig.sty"
Package: trig 1999/03/16 v1.09 sin cos tan (DPC)
)
("C:\Program Files\MiKTeX 2.7\tex\latex\00miktex\graphics.cfg"
File: graphics.cfg 2007/01/18 v1.5 graphics configuration of teTeX/TeXLive
)
Package graphics Info: Driver file: dvips.def on input line 90.
)
\Gin@req@height=\dimen146
\Gin@req@width=\dimen147
)
("C:\Program Files\MiKTeX 2.7\tex\latex\epsf\epsf.sty"
This is `epsf.tex' v2.7.3 <23 July 2005>
\epsffilein=\read1
\epsfframemargin=\dimen148
\epsfframethickness=\dimen149
\epsfrsize=\dimen150
\epsftmp=\dimen151
\epsftsize=\dimen152
\epsfxsize=\dimen153
\epsfysize=\dimen154
\pspoints=\dimen155
) ("C:\Program Files\MiKTeX 2.7\tex\latex\graphics\epsfig.sty"
Package: epsfig 1999/02/16 v1.7a (e)psfig emulation (SPQR)
\epsfxsize=\dimen156
\epsfysize=\dimen157
)
("C:\Program Files\MiKTeX 2.7\tex\latex\fancyhdr\fancyhdr.sty"
\fancy@headwidth=\skip64
\f@ncyO@elh=\skip65
\f@ncyO@erh=\skip66
\f@ncyO@olh=\skip67
\f@ncyO@orh=\skip68
\f@ncyO@elf=\skip69
\f@ncyO@erf=\skip70
\f@ncyO@olf=\skip71
\f@ncyO@orf=\skip72
)
("C:\Program Files\MiKTeX 2.7\tex\latex\tools\layout.sty"
Package: layout 2000/09/25 v1.2c Show layout parameters
\oneinch=\count128
\cnt@paperwidth=\count129
\cnt@paperheight=\count130
\cnt@hoffset=\count131
\cnt@voffset=\count132
\cnt@textheight=\count133
\cnt@textwidth=\count134
\cnt@topmargin=\count135
\cnt@oddsidemargin=\count136
\cnt@evensidemargin=\count137
\cnt@headheight=\count138
\cnt@headsep=\count139
\cnt@marginparsep=\count140
\cnt@marginparwidth=\count141
\cnt@marginparpush=\count142
\cnt@footskip=\count143
\fheight=\count144
\ref@top=\count145
\ref@hoffset=\count146
\ref@voffset=\count147
\ref@head=\count148
\ref@body=\count149
\ref@foot=\count150
\ref@margin=\count151
\ref@marginwidth=\count152
\ref@marginpar=\count153
\Interval=\count154
\ExtraYPos=\count155
\PositionX=\count156
\PositionY=\count157
\ArrowLength=\count158
)
("C:\Program Files\MiKTeX 2.7\tex\generic\babel\babel.sty"
Package: babel 2008/07/06 v3.8l The Babel package

*************************************
* Local config file bblopts.cfg used
*
("C:\Program Files\MiKTeX 2.7\tex\latex\00miktex\bblopts.cfg"
File: bblopts.cfg 2006/07/31 v1.0 MiKTeX 'babel' configuration
)
("C:\Program Files\MiKTeX 2.7\tex\generic\babel\frenchb.ldf"
Language: frenchb 2008/05/08 v2.2a French support from the babel system

("C:\Program Files\MiKTeX 2.7\tex\generic\babel\babel.def"
File: babel.def 2008/07/06 v3.8l Babel common definitions
\babel@savecnt=\count159
\U@D=\dimen158
)
Package babel Info: Making : an active character on input line 119.
Package babel Info: Making ; an active character on input line 120.
Package babel Info: Making ! an active character on input line 121.
Package babel Info: Making ? an active character on input line 122.
\FB@Mht=\dimen159
\std@mcc=\count160
\dec@mcc=\count161
\parindentFFN=\dimen160

*************************************
* Local config file frenchb.cfg used
*
("C:\Program Files\MiKTeX 2.7\tex\generic\babel\frenchb.cfg")))
("C:\Program Files\MiKTeX 2.7\tex\latex\carlisle\scalefnt.sty")
("C:\Program Files\MiKTeX 2.7\tex\latex\base\fontenc.sty"
Package: fontenc 2005/09/27 v1.99g Standard LaTeX package

("C:\Program Files\MiKTeX 2.7\tex\latex\base\t1enc.def"
File: t1enc.def 2005/09/27 v1.99g Standard LaTeX file
LaTeX Font Info:    Redeclaring font encoding T1 on input line 43.
))
("C:\Program Files\MiKTeX 2.7\tex\latex\ltxmisc\url.sty"
\Urlmuskip=\muskip11
Package: url 2006/04/12  ver 3.3  Verb mode for urls, etc.
)
("C:\Program Files\MiKTeX 2.7\tex\latex\tools\xspace.sty"
Package: xspace 2006/05/08 v1.12 Space after command names (DPC,MH)
)
("C:\Program Files\MiKTeX 2.7\tex\latex\geometry\geometry.sty"
Package: geometry 2008/11/13 v4.1 Page Geometry

("C:\Program Files\MiKTeX 2.7\tex\generic\oberdiek\ifpdf.sty"
Package: ifpdf 2007/12/12 v1.6 Provides the ifpdf switch (HO)
Package ifpdf Info: pdfTeX in pdf mode not detected.
)
("C:\Program Files\MiKTeX 2.7\tex\generic\oberdiek\ifvtex.sty"
Package: ifvtex 2008/11/04 v1.4 Switches for detecting VTeX and its modes (HO)
Package ifvtex Info: VTeX not detected.
)
\Gm@cnth=\count162
\Gm@cntv=\count163
\c@Gm@tempcnt=\count164
\Gm@bindingoffset=\dimen161
\Gm@wd@mp=\dimen162
\Gm@odd@mp=\dimen163
\Gm@even@mp=\dimen164
\Gm@dimlist=\toks42

("C:\Program Files\MiKTeX 2.7\tex\latex\geometry\geometry.cfg"))
("C:\Program Files\MiKTeX 2.7\tex\latex\oberdiek\pdflscape.sty"
Package: pdflscape 2008/08/11 v0.10 Landscape pages in PDF (HO)

("C:\Program Files\MiKTeX 2.7\tex\latex\graphics\lscape.sty"
Package: lscape 2000/10/22 v3.01 Landscape Pages (DPC)
)
("C:\Program Files\MiKTeX 2.7\tex\generic\ifxetex\ifxetex.sty"
Package: ifxetex 2008/09/18 v0.4 Provides ifxetex conditional
)
Package pdflscape Info: Auto-detected driver: dvips (dvips) on input line 119.

("C:\Program Files\MiKTeX 2.7\tex\generic\oberdiek\atbegshi.sty"
Package: atbegshi 2008/07/31 v1.9 At begin shipout hook (HO)

("C:\Program Files\MiKTeX 2.7\tex\generic\oberdiek\infwarerr.sty"
Package: infwarerr 2007/09/09 v1.2 Providing info/warning/message (HO)
)))
\c@corollary=\count165


LaTeX Warning: Unused global option(s):
    [14pts].

(PRESENTATIONECONOMETRIE.aux)
LaTeX Font Info:    Checking defaults for OML/cmm/m/it on input line 153.
LaTeX Font Info:    ... okay on input line 153.
LaTeX Font Info:    Checking defaults for T1/cmr/m/n on input line 153.
LaTeX Font Info:    ... okay on input line 153.
LaTeX Font Info:    Checking defaults for OT1/cmr/m/n on input line 153.
LaTeX Font Info:    ... okay on input line 153.
LaTeX Font Info:    Checking defaults for OMS/cmsy/m/n on input line 153.
LaTeX Font Info:    ... okay on input line 153.
LaTeX Font Info:    Checking defaults for OMX/cmex/m/n on input line 153.
LaTeX Font Info:    ... okay on input line 153.
LaTeX Font Info:    Checking defaults for U/cmr/m/n on input line 153.
LaTeX Font Info:    ... okay on input line 153.
LaTeX Font Info:    Try loading font information for T1+ptm on input line 153.

("C:\Program Files\MiKTeX 2.7\tex\latex\psnfss\t1ptm.fd"
File: t1ptm.fd 2001/06/04 font definitions for T1/ptm.
)
LaTeX Info: Redefining \degres on input line 153.
LaTeX Info: Redefining \dots on input line 153.
LaTeX Info: Redefining \up on input line 153.

*geometry auto-detecting driver*
*geometry detected driver: dvips*
-------------------- Geometry parameters
paper: class default
landscape: true
twocolumn: --
twoside: --
asymmetric: --
h-parts: 126.75832pt, 0.7\paperwidth , 126.75833pt (default)
v-parts: 71.70166pt, 0.7\paperheight , 107.55254pt (default)
hmarginratio: 1:1
vmarginratio: 2:3
lines: --
heightrounded: --
bindingoffset: 0.0pt
truedimen: --
includehead: --
includefoot: --
includemp: --
driver: dvips
-------------------- Page layout dimensions and switches
\paperwidth  1752.59583pt
\paperheight 1239.2226pt
\textwidth  285.20464pt
\textheight 201.65984pt
\oddsidemargin  26.2714pt
\evensidemargin 26.2714pt
\topmargin  -35.11879pt
\headheight 17.42238pt
\headsep    17.42238pt
\footskip   26.13358pt
\marginparwidth 0.0pt
\marginparsep   0.0pt
\columnsep  10.0pt
\skip\footins  9.0pt plus 4.0pt minus 2.0pt
\hoffset 37.43417pt
\voffset 37.43417pt
\mag 2074

(1in=72.27pt, 1cm=28.45pt)
-----------------------
\AtBeginShipoutBox=\box65
Cannot use \thispagestyle in slide environments
File: CNAM.eps Graphic file (type eps)
 <CNAM.eps>
LaTeX Font Info:    Font shape `T1/ptm/bx/n' in size <10> not available
(Font)              Font shape `T1/ptm/b/n' tried instead on input line 166.
LaTeX Font Info:    Font shape `T1/ptm/bx/n' in size <9> not available
(Font)              Font shape `T1/ptm/b/n' tried instead on input line 167.
LaTeX Font Info:    Try loading font information for T1+phv on input line 175.

("C:\Program Files\MiKTeX 2.7\tex\latex\psnfss\t1phv.fd"
File: t1phv.fd 2001/06/04 scalable font definitions for T1/phv.
) [1


]
LaTeX Font Info:    Font shape `T1/ptm/bx/n' in size <14.4> not available
(Font)              Font shape `T1/ptm/b/n' tried instead on input line 182.

(PRESENTATIONECONOMETRIE.los) [2

]
LaTeX Font Info:    Font shape `T1/ptm/bx/n' in size <12> not available
(Font)              Font shape `T1/ptm/b/n' tried instead on input line 186.
LaTeX Font Info:    Try loading font information for U+msa on input line 188.

("C:\Program Files\MiKTeX 2.7\tex\latex\amsfonts\umsa.fd"
File: umsa.fd 2002/01/19 v2.2g AMS font definitions
)
LaTeX Font Info:    Try loading font information for U+msb on input line 188.

("C:\Program Files\MiKTeX 2.7\tex\latex\amsfonts\umsb.fd"
File: umsb.fd 2002/01/19 v2.2g AMS font definitions
)
LaTeX Font Info:    Try loading font information for U+rsfs on input line 188.

("C:\Program Files\MiKTeX 2.7\tex\latex\jknappen\ursfs.fd"
File: ursfs.fd 1998/03/24 rsfs font definition file (jk)
)

LaTeX Warning: Slide 3 overfull by 5.59497pt on input line 193.

[3

] [4

] [5

] [6

] [7

]

LaTeX Warning: Slide 8 overfull by 3.17723pt on input line 240.

[8

]

LaTeX Warning: Slide 9 overfull by 11.82846pt on input line 257.

[9

] [10

] [11

]

LaTeX Warning: Slide 12 overfull by 13.48102pt on input line 289.


Overfull \vbox (4.30116pt too high) has occurred while \output is active []


[12

]

LaTeX Warning: Slide 13 overfull by 16.62552pt on input line 309.

[13

] [14

]

LaTeX Warning: Slide 15 overfull by 16.91214pt on input line 344.


Overfull \vbox (4.7623pt too high) has occurred while \output is active []


[15

]

LaTeX Warning: Slide 16 overfull by 8.58061pt on input line 366.

[16

] [17

]
File: CorporateBondTermStructure.eps Graphic file (type eps)
 <CorporateBondTermStructure.eps>
Overfull \hbox (1.31607pt too wide) in paragraph at lines 384--385
 [][] 
 []

[18

]
File: CorporateBondDecomposition.eps Graphic file (type eps)
 <CorporateBondDecomposition.eps>
Overfull \hbox (1.31607pt too wide) in paragraph at lines 389--390
 [][] 
 []


LaTeX Warning: Slide 19 overfull by 7.55614pt on input line 395.


Overfull \vbox (3.09624pt too high) has occurred while \output is active []


[19

]
File: FirstToDefaultBasketTermStructure.eps Graphic file (type eps)
 <FirstToDefaultBasketTermStructure.eps>
Overfull \hbox (1.31607pt too wide) in paragraph at lines 399--400
 [][] 
 []

[20

]
File: FirstToDefaultBasketDecomposition.eps Graphic file (type eps)
 <FirstToDefaultBasketDecomposition.eps>
Overfull \hbox (1.31607pt too wide) in paragraph at lines 404--405
 [][] 
 []


LaTeX Warning: Slide 21 overfull by 3.386pt on input line 411.

[21

]
File: CycleCorporateBondYield.eps Graphic file (type eps)
 <CycleCorporateBondYield.eps>
Overfull \hbox (1.31607pt too wide) in paragraph at lines 415--416
 [][] 
 []

[22

]
Overfull \hbox (10.03772pt too wide) detected at line 423
\OML/cmm/m/it/5 C \OMS/cmsy/m/n/5 [] \OT1/cmr/m/n/5 (\OML/cmm/m/it/5 t; t \OT1
/cmr/m/n/5 + \OML/cmm/m/it/5 h\OT1/cmr/m/n/5 ) = [] \OML/cmm/m/it/5 E[] []
 []

[23

]
File: CorporateBondRecoveryPrice.eps Graphic file (type eps)
 <CorporateBondRecoveryPrice.eps>
Overfull \hbox (1.31607pt too wide) in paragraph at lines 441--442
 [][] 
 []

[24

]
File: CorporateBondRecoveryYield.eps Graphic file (type eps)
 <CorporateBondRecoveryYield.eps>
Overfull \hbox (1.31607pt too wide) in paragraph at lines 446--447
 [][] 
 []

[25

] [26

]
\tf@los=\write3


*******************************************************
***** !! PRINT THIS DOCUMENT IN LANDSCAPE MODE !! *****
*******************************************************
(PRESENTATIONECONOMETRIE.aux) ) 
Here is how much of TeX's memory you used:
 5568 strings out of 95305
 68057 string characters out of 1183059
 149939 words of memory out of 1500000
 8610 multiletter control sequences out of 110000
 33727 words of font info for 67 fonts, out of 3000000 for 5000
 14 hyphenation exceptions out of 8191
 31i,11n,43p,398b,614s stack positions out of 5000i,500n,10000p,200000b,50000s

Output written on PRESENTATIONECONOMETRIE.dvi (26 pages, 42232 bytes).
